[00:00:47] [Server thread/INFO]: Hitam lost connection: Disconnected
[00:00:47] [Server thread/INFO]: Hitam left the game
[00:02:07] [Server thread/INFO]: Hitam[/127.0.0.1:45274] logged in with entity id 4649 at (1431.121631924316, 214.0, 780.1693487699658)
[00:02:07] [Server thread/INFO]: Sending server config values to client
[00:02:07] [Server thread/INFO]: PlayerJoinedEvent done (4018214c-adcc-3565-b6dd-26fc0e99cbe6)
[00:02:07] [Server thread/INFO]: Loading config from file...
[00:02:07] [Server thread/INFO]: Hitam joined the game
[00:02:07] [Server thread/ERROR]: Tried to load invalid item: 'No key id in MapLike[{}]'
[00:02:07] [Server thread/ERROR]: Tried to load invalid item: 'No key id in MapLike[{}]'
[00:02:08] [Server thread/INFO]: Priority overwritten for player Hitam. Claiming: GRAVE / Robbing: INVENTORY
[00:02:09] [Server thread/INFO]: Receiving client config
[00:03:46] [Server thread/INFO]: [Hitam: Skin changed]
[00:04:57] [Server thread/INFO]: mrapn[/127.0.0.1:33640] logged in with entity id 4845 at (1240.699999988079, 63.0, 922.4962766096332)
[00:04:57] [Server thread/INFO]: Sending server config values to client
[00:04:57] [Server thread/INFO]: PlayerJoinedEvent done (c8d0a09f-cb12-3d63-a61e-ad0f4449412b)
[00:04:57] [Server thread/INFO]: Loading config from file...
[00:04:58] [Server thread/INFO]: mrapn joined the game
[00:04:58] [Server thread/ERROR]: Tried to load invalid item: 'No key id in MapLike[{}]'
[00:04:58] [Server thread/ERROR]: Tried to load invalid item: 'No key id in MapLike[{}]'
[00:04:58] [Server thread/ERROR]: Tried to load invalid item: 'No key id in MapLike[{}]'
[00:04:58] [Server thread/ERROR]: Tried to load invalid item: 'No key id in MapLike[{}]'
[00:04:58] [Server thread/ERROR]: Tried to load invalid item: 'No key id in MapLike[{}]'
[00:04:58] [Server thread/ERROR]: Tried to load invalid item: 'No key id in MapLike[{}]'
[00:04:58] [Server thread/ERROR]: Tried to load invalid item: 'No key id in MapLike[{}]'
[00:04:58] [Server thread/ERROR]: Tried to load invalid item: 'No key id in MapLike[{}]'
[00:04:59] [Server thread/ERROR]: Tried to load invalid item: 'No key id in MapLike[{}]'
[00:04:59] [Server thread/ERROR]: Tried to load invalid item: 'No key id in MapLike[{}]'
[00:04:59] [Server thread/ERROR]: Tried to load invalid item: 'No key id in MapLike[{}]'
[00:04:59] [Server thread/ERROR]: Tried to load invalid item: 'No key id in MapLike[{}]'
[00:04:59] [Server thread/ERROR]: Tried to load invalid item: 'No key id in MapLike[{}]'
[00:04:59] [Server thread/ERROR]: Tried to load invalid item: 'No key id in MapLike[{}]'
[00:04:59] [Server thread/ERROR]: Tried to load invalid item: 'No key id in MapLike[{}]'
[00:04:59] [Server thread/ERROR]: Tried to load invalid item: 'No key id in MapLike[{}]'
[00:05:01] [Server thread/INFO]: Priority overwritten for player mrapn. Claiming: GRAVE / Robbing: INVENTORY
[00:05:01] [Server thread/INFO]: Receiving client config
[00:06:59] [Server thread/INFO]: Hitam lost connection: Disconnected
[00:06:59] [Server thread/INFO]: Hitam left the game
[00:08:06] [Server thread/ERROR]: Tried to load invalid item: 'No key id in MapLike[{}]'
[00:08:06] [Server thread/ERROR]: Tried to load invalid item: 'No key id in MapLike[{}]'
[00:08:06] [Server thread/ERROR]: Tried to load invalid item: 'No key id in MapLike[{}]'
[00:12:05] [Server thread/INFO]: mrapn lost connection: Disconnected
[00:12:05] [Server thread/INFO]: mrapn left the game
[00:12:17] [Server thread/INFO]: Hitam[/127.0.0.1:33372] logged in with entity id 6334 at (1408.3222157534346, 211.0, 759.1367240690781)
[00:12:17] [Server thread/INFO]: Sending server config values to client
[00:12:17] [Server thread/INFO]: PlayerJoinedEvent done (4018214c-adcc-3565-b6dd-26fc0e99cbe6)
[00:12:17] [Server thread/INFO]: Loading config from file...
[00:12:17] [Server thread/INFO]: Hitam joined the game
[00:12:17] [Server thread/ERROR]: Tried to load invalid item: 'No key id in MapLike[{}]'
[00:12:19] [Server thread/INFO]: Priority overwritten for player Hitam. Claiming: GRAVE / Robbing: INVENTORY
[00:12:19] [Server thread/INFO]: Receiving client config
[00:12:32] [Server thread/ERROR]: Tried to load invalid item: 'No key id in MapLike[{}]'
[00:12:37] [Server thread/ERROR]: Tried to load invalid item: 'No key id in MapLike[{}]'
[00:13:14] [Server thread/INFO]: Hitam has made the advancement [Stone Age]
[00:13:39] [Server thread/ERROR]: Tried to load invalid item: 'No key id in MapLike[{}]'
[00:13:48] [Server thread/ERROR]: Tried to load invalid item: 'No key id in MapLike[{}]'
[00:13:52] [Server thread/ERROR]: Tried to load invalid item: 'No key id in MapLike[{}]'
[00:13:52] [Server thread/ERROR]: Tried to load invalid item: 'No key id in MapLike[{}]'
[00:14:57] [Server thread/ERROR]: Tried to load invalid item: 'No key id in MapLike[{}]'
[00:14:57] [Server thread/ERROR]: Tried to load invalid item: 'No key id in MapLike[{}]'
[00:15:10] [Server thread/INFO]: Hitam couldn't handle the heat
[00:15:17] [Server thread/INFO]: Hitam claimed a grave belonging to Hitam at 1432, 218, 757, minecraft:overworld
[00:17:22] [Server thread/ERROR]: Tried to load invalid item: 'No key id in MapLike[{}]'
[00:17:25] [Server thread/ERROR]: Tried to load invalid item: 'No key id in MapLike[{}]'
[00:17:28] [Server thread/ERROR]: Tried to load invalid item: 'No key id in MapLike[{}]'
[00:17:28] [Server thread/ERROR]: Tried to load invalid item: 'No key id in MapLike[{}]'
[00:17:57] [Server thread/INFO]: Hitam has made the advancement [Acquire Hardware]
[00:18:05] [Server thread/INFO]: Hitam has made the advancement [Isn't It Iron Pick]
[00:18:10] [Server thread/ERROR]: Tried to load invalid item: 'No key id in MapLike[{}]'
[00:18:30] [Server thread/INFO]: attempting to transfer 0 chunks from Hitam#4018214c to Coca_Cola#1d796200
[00:18:30] [Server thread/INFO]: Transferred 0 chunks from 4018214c-adcc-3565-b6dd-26fc0e99cbe6 (Hitam#4018214c) to 1d796200-2c47-4598-9e62-79604b8c7ace (Coca_Cola#1d796200)
[00:18:30] [Server thread/INFO]: Unclaimed 0 chunks for 4018214c-adcc-3565-b6dd-26fc0e99cbe6 (Hitam#4018214c) due to claim limits
[00:18:30] [Server thread/INFO]: Team Coca_Cola#1d796200 had 0 claimed chunks, now has 0
[00:18:42] [Server thread/ERROR]: Tried to load invalid item: 'No key id in MapLike[{}]'
[00:18:44] [Server thread/INFO]: <AmriiCuy> Jawaaaaaaaaaaaaaaaaaaaaa
[00:18:59] [Server thread/INFO]: <AmriiCuy> dawdawddawdaw
[00:19:34] [Server thread/ERROR]: Tried to load invalid item: 'No key id in MapLike[{}]'
[00:19:34] [Server thread/ERROR]: Tried to load invalid item: 'No key id in MapLike[{}]'
[00:20:46] [Server thread/ERROR]: Tried to load invalid item: 'No key id in MapLike[{}]'
[00:21:39] [Server thread/INFO]: Hitam has made the advancement [The Deep Magic]
[00:22:21] [Server thread/ERROR]: Tried to load invalid item: 'No key id in MapLike[{}]'
[00:23:59] [Server thread/ERROR]: Tried to load invalid item: 'No key id in MapLike[{}]'
[00:24:02] [Server thread/ERROR]: Tried to load invalid item: 'No key id in MapLike[{}]'
[00:24:09] [Server thread/ERROR]: Tried to load invalid item: 'No key id in MapLike[{}]'
[00:25:41] [Server thread/ERROR]: Tried to load invalid item: 'No key id in MapLike[{}]'
[00:25:53] [Server thread/ERROR]: Tried to load invalid item: 'No key id in MapLike[{}]'
[00:26:32] [Server thread/INFO]: Hitam has made the advancement [Monster Hunter]
[00:26:34] [Server thread/ERROR]: Tried to load invalid item: 'No key id in MapLike[{}]'
[00:27:56] [Server thread/ERROR]: Tried to load invalid item: 'No key id in MapLike[{}]'
[00:29:10] [Server thread/ERROR]: Tried to load invalid item: 'No key id in MapLike[{}]'
[00:31:06] [Server thread/ERROR]: Tried to load invalid item: 'No key id in MapLike[{}]'
[00:33:17] [Server thread/ERROR]: Tried to load invalid item: 'No key id in MapLike[{}]'
[00:33:18] [Server thread/ERROR]: Tried to load invalid item: 'No key id in MapLike[{}]'
[00:33:19] [Server thread/ERROR]: Tried to load invalid item: 'No key id in MapLike[{}]'
[00:33:24] [Server thread/INFO]: Hitam was slain by Phantom
[00:33:25] [Server thread/ERROR]: Tried to load invalid item: 'No key id in MapLike[{}]'
[00:33:30] [Server thread/INFO]: Hitam claimed a grave belonging to Hitam at 1429, 218, 753, minecraft:overworld
[00:33:40] [Server thread/ERROR]: Tried to load invalid item: 'No key id in MapLike[{}]'
[00:33:40] [Server thread/ERROR]: Tried to load invalid item: 'No key id in MapLike[{}]'
[00:33:50] [Server thread/ERROR]: Tried to load invalid item: 'No key id in MapLike[{}]'
[00:34:07] [Server thread/ERROR]: Tried to load invalid item: 'No key id in MapLike[{}]'
[00:34:07] [Server thread/ERROR]: Tried to load invalid item: 'No key id in MapLike[{}]'
[00:34:12] [Server thread/ERROR]: Tried to load invalid item: 'No key id in MapLike[{}]'
[00:34:12] [Server thread/ERROR]: Tried to load invalid item: 'No key id in MapLike[{}]'
[00:34:13] [Server thread/ERROR]: Tried to load invalid item: 'No key id in MapLike[{}]'
[00:34:13] [Server thread/ERROR]: Tried to load invalid item: 'No key id in MapLike[{}]'
[00:34:16] [Server thread/ERROR]: Tried to load invalid item: 'No key id in MapLike[{}]'
[00:34:16] [Server thread/ERROR]: Tried to load invalid item: 'No key id in MapLike[{}]'
[00:34:16] [Server thread/ERROR]: Tried to load invalid item: 'No key id in MapLike[{}]'
[00:34:41] [Server thread/ERROR]: Tried to load invalid item: 'No key id in MapLike[{}]'
[00:34:41] [Server thread/ERROR]: Tried to load invalid item: 'No key id in MapLike[{}]'
[00:34:41] [Server thread/ERROR]: Tried to load invalid item: 'No key id in MapLike[{}]'
[00:34:41] [Server thread/ERROR]: Tried to load invalid item: 'No key id in MapLike[{}]'
[00:34:43] [Server thread/ERROR]: Tried to load invalid item: 'No key id in MapLike[{}]'
[00:34:45] [Server thread/ERROR]: Tried to load invalid item: 'No key id in MapLike[{}]'
[00:34:45] [Server thread/ERROR]: Tried to load invalid item: 'No key id in MapLike[{}]'
[00:34:50] [Server thread/ERROR]: Tried to load invalid item: 'No key id in MapLike[{}]'
[00:34:50] [Server thread/ERROR]: Tried to load invalid item: 'No key id in MapLike[{}]'
[00:34:50] [Server thread/ERROR]: Tried to load invalid item: 'No key id in MapLike[{}]'
[00:34:50] [Server thread/ERROR]: Tried to load invalid item: 'No key id in MapLike[{}]'
[00:34:50] [Server thread/ERROR]: Tried to load invalid item: 'No key id in MapLike[{}]'
[00:35:08] [Server thread/ERROR]: Tried to load invalid item: 'No key id in MapLike[{}]'
[00:35:13] [Server thread/ERROR]: Tried to load invalid item: 'No key id in MapLike[{}]'
[00:35:13] [Server thread/ERROR]: Tried to load invalid item: 'No key id in MapLike[{}]'
[00:35:18] [Server thread/ERROR]: Tried to load invalid item: 'No key id in MapLike[{}]'
[00:35:18] [Server thread/ERROR]: Tried to load invalid item: 'No key id in MapLike[{}]'
[00:35:18] [Server thread/ERROR]: Tried to load invalid item: 'No key id in MapLike[{}]'
[00:35:18] [Server thread/ERROR]: Tried to load invalid item: 'No key id in MapLike[{}]'
[00:35:28] [Server thread/ERROR]: Tried to load invalid item: 'No key id in MapLike[{}]'
[00:35:28] [Server thread/ERROR]: Tried to load invalid item: 'No key id in MapLike[{}]'
[00:36:22] [Server thread/WARN]: Can't keep up! Is the server overloaded? Running 3960ms or 79 ticks behind
[00:36:23] [Server thread/INFO]: Hitam has made the advancement [Sky of a Million Stars]
[00:36:28] [Server thread/INFO]: AmriiCuy has made the advancement [Sky of a Million Stars]
[00:36:30] [Server thread/INFO]: Hitam blew up
[00:36:30] [Server thread/INFO]: AmriiCuy blew up
[00:36:30] [Server thread/WARN]: AmriiCuy moved wrongly!
[00:36:49] [Server thread/WARN]: Can't keep up! Is the server overloaded? Running 2068ms or 41 ticks behind
[00:36:58] [Server thread/INFO]: AmriiCuy claimed a grave belonging to AmriiCuy at 1245, 53, 699, eternal_starlight:starlight
[00:37:49] [Server thread/ERROR]: Tried to load invalid item: 'No key id in MapLike[{}]'
[00:37:57] [Server thread/ERROR]: Tried to load invalid item: 'No key id in MapLike[{}]'
[00:37:57] [Server thread/ERROR]: Tried to load invalid item: 'No key id in MapLike[{}]'
[00:37:57] [Server thread/ERROR]: Tried to load invalid item: 'No key id in MapLike[{}]'
[00:37:57] [Server thread/ERROR]: Tried to load invalid item: 'No key id in MapLike[{}]'
[00:37:57] [Server thread/ERROR]: Tried to load invalid item: 'No key id in MapLike[{}]'
[00:37:57] [Server thread/ERROR]: Tried to load invalid item: 'No key id in MapLike[{}]'
[00:37:57] [Server thread/ERROR]: Tried to load invalid item: 'No key id in MapLike[{}]'
[00:37:57] [Server thread/ERROR]: Tried to load invalid item: 'No key id in MapLike[{}]'
[00:37:57] [Server thread/ERROR]: Tried to load invalid item: 'No key id in MapLike[{}]'
[00:37:57] [Server thread/ERROR]: Tried to load invalid item: 'No key id in MapLike[{}]'
[00:37:57] [Server thread/ERROR]: Tried to load invalid item: 'No key id in MapLike[{}]'
[00:37:57] [Server thread/ERROR]: Tried to load invalid item: 'No key id in MapLike[{}]'
[00:37:57] [Server thread/ERROR]: Tried to load invalid item: 'No key id in MapLike[{}]'
[00:37:57] [Server thread/ERROR]: Tried to load invalid item: 'No key id in MapLike[{}]'
[00:37:57] [Server thread/ERROR]: Tried to load invalid item: 'No key id in MapLike[{}]'
[00:37:57] [Server thread/ERROR]: Tried to load invalid item: 'No key id in MapLike[{}]'
[00:37:57] [Server thread/ERROR]: Tried to load invalid item: 'No key id in MapLike[{}]'
[00:37:57] [Server thread/ERROR]: Tried to load invalid item: 'No key id in MapLike[{}]'
[00:37:57] [Server thread/ERROR]: Tried to load invalid item: 'No key id in MapLike[{}]'
[00:37:57] [Server thread/ERROR]: Tried to load invalid item: 'No key id in MapLike[{}]'
[00:37:57] [Server thread/ERROR]: Tried to load invalid item: 'No key id in MapLike[{}]'
[00:37:57] [Server thread/ERROR]: Tried to load invalid item: 'No key id in MapLike[{}]'
[00:37:57] [Server thread/ERROR]: Tried to load invalid item: 'No key id in MapLike[{}]'
[00:37:57] [Server thread/ERROR]: Tried to load invalid item: 'No key id in MapLike[{}]'
[00:37:57] [Server thread/ERROR]: Tried to load invalid item: 'No key id in MapLike[{}]'
[00:37:57] [Server thread/ERROR]: Tried to load invalid item: 'No key id in MapLike[{}]'
[00:37:57] [Server thread/ERROR]: Tried to load invalid item: 'No key id in MapLike[{}]'
[00:37:57] [Server thread/ERROR]: Tried to load invalid item: 'No key id in MapLike[{}]'
[00:37:57] [Server thread/ERROR]: Tried to load invalid item: 'No key id in MapLike[{}]'
[00:37:57] [Server thread/ERROR]: Tried to load invalid item: 'No key id in MapLike[{}]'
[00:37:57] [Server thread/ERROR]: Tried to load invalid item: 'No key id in MapLike[{}]'
[00:37:57] [Server thread/ERROR]: Tried to load invalid item: 'No key id in MapLike[{}]'
[00:37:57] [Server thread/ERROR]: Tried to load invalid item: 'No key id in MapLike[{}]'
[00:37:57] [Server thread/ERROR]: Tried to load invalid item: 'No key id in MapLike[{}]'
[00:37:57] [Server thread/ERROR]: Tried to load invalid item: 'No key id in MapLike[{}]'
[00:37:57] [Server thread/ERROR]: Tried to load invalid item: 'No key id in MapLike[{}]'
[00:37:57] [Server thread/ERROR]: Tried to load invalid item: 'No key id in MapLike[{}]'
[00:37:57] [Server thread/ERROR]: Tried to load invalid item: 'No key id in MapLike[{}]'
[00:37:57] [Server thread/ERROR]: Tried to load invalid item: 'No key id in MapLike[{}]'
[00:37:57] [Server thread/ERROR]: Tried to load invalid item: 'No key id in MapLike[{}]'
[00:37:57] [Server thread/ERROR]: Tried to load invalid item: 'No key id in MapLike[{}]'
[00:37:57] [Server thread/ERROR]: Tried to load invalid item: 'No key id in MapLike[{}]'
[00:37:57] [Server thread/ERROR]: Tried to load invalid item: 'No key id in MapLike[{}]'
[00:37:57] [Server thread/ERROR]: Tried to load invalid item: 'No key id in MapLike[{}]'
[00:37:57] [Server thread/ERROR]: Tried to load invalid item: 'No key id in MapLike[{}]'
[00:37:57] [Server thread/ERROR]: Tried to load invalid item: 'No key id in MapLike[{}]'
[00:37:57] [Server thread/ERROR]: Tried to load invalid item: 'No key id in MapLike[{}]'
[00:37:57] [Server thread/ERROR]: Tried to load invalid item: 'No key id in MapLike[{}]'
[00:37:57] [Server thread/ERROR]: Tried to load invalid item: 'No key id in MapLike[{}]'
[00:37:57] [Server thread/ERROR]: Tried to load invalid item: 'No key id in MapLike[{}]'
[00:37:57] [Server thread/ERROR]: Tried to load invalid item: 'No key id in MapLike[{}]'
[00:37:57] [Server thread/ERROR]: Tried to load invalid item: 'No key id in MapLike[{}]'
[00:37:57] [Server thread/ERROR]: Tried to load invalid item: 'No key id in MapLike[{}]'
[00:37:57] [Server thread/ERROR]: Tried to load invalid item: 'No key id in MapLike[{}]'
[00:37:57] [Server thread/ERROR]: Tried to load invalid item: 'No key id in MapLike[{}]'
[00:37:57] [Server thread/ERROR]: Tried to load invalid item: 'No key id in MapLike[{}]'
[00:37:57] [Server thread/ERROR]: Tried to load invalid item: 'No key id in MapLike[{}]'
[00:37:57] [Server thread/ERROR]: Tried to load invalid item: 'No key id in MapLike[{}]'
[00:37:57] [Server thread/ERROR]: Tried to load invalid item: 'No key id in MapLike[{}]'
[00:37:57] [Server thread/ERROR]: Tried to load invalid item: 'No key id in MapLike[{}]'
[00:37:57] [Server thread/ERROR]: Tried to load invalid item: 'No key id in MapLike[{}]'
[00:37:57] [Server thread/ERROR]: Tried to load invalid item: 'No key id in MapLike[{}]'
[00:37:57] [Server thread/ERROR]: Tried to load invalid item: 'No key id in MapLike[{}]'
[00:37:57] [Server thread/ERROR]: Tried to load invalid item: 'No key id in MapLike[{}]'
[00:37:57] [Server thread/ERROR]: Tried to load invalid item: 'No key id in MapLike[{}]'
[00:37:57] [Server thread/ERROR]: Tried to load invalid item: 'No key id in MapLike[{}]'
[00:37:57] [Server thread/ERROR]: Tried to load invalid item: 'No key id in MapLike[{}]'
[00:37:57] [Server thread/ERROR]: Tried to load invalid item: 'No key id in MapLike[{}]'
[00:37:57] [Server thread/ERROR]: Tried to load invalid item: 'No key id in MapLike[{}]'
[00:37:57] [Server thread/ERROR]: Tried to load invalid item: 'No key id in MapLike[{}]'
[00:37:57] [Server thread/ERROR]: Tried to load invalid item: 'No key id in MapLike[{}]'
[00:37:57] [Server thread/ERROR]: Tried to load invalid item: 'No key id in MapLike[{}]'
[00:37:57] [Server thread/ERROR]: Tried to load invalid item: 'No key id in MapLike[{}]'
[00:37:57] [Server thread/ERROR]: Tried to load invalid item: 'No key id in MapLike[{}]'
[00:37:57] [Server thread/ERROR]: Tried to load invalid item: 'No key id in MapLike[{}]'
[00:37:57] [Server thread/ERROR]: Tried to load invalid item: 'No key id in MapLike[{}]'
[00:37:57] [Server thread/ERROR]: Tried to load invalid item: 'No key id in MapLike[{}]'
[00:37:57] [Server thread/ERROR]: Tried to load invalid item: 'No key id in MapLike[{}]'
[00:37:57] [Server thread/ERROR]: Tried to load invalid item: 'No key id in MapLike[{}]'
[00:37:57] [Server thread/ERROR]: Tried to load invalid item: 'No key id in MapLike[{}]'
[00:37:57] [Server thread/ERROR]: Tried to load invalid item: 'No key id in MapLike[{}]'
[00:37:57] [Server thread/ERROR]: Tried to load invalid item: 'No key id in MapLike[{}]'
[00:37:57] [Server thread/ERROR]: Tried to load invalid item: 'No key id in MapLike[{}]'
[00:37:57] [Server thread/ERROR]: Tried to load invalid item: 'No key id in MapLike[{}]'
[00:37:57] [Server thread/ERROR]: Tried to load invalid item: 'No key id in MapLike[{}]'
[00:37:57] [Server thread/ERROR]: Tried to load invalid item: 'No key id in MapLike[{}]'
[00:37:57] [Server thread/ERROR]: Tried to load invalid item: 'No key id in MapLike[{}]'
[00:37:57] [Server thread/ERROR]: Tried to load invalid item: 'No key id in MapLike[{}]'
[00:37:57] [Server thread/ERROR]: Tried to load invalid item: 'No key id in MapLike[{}]'
[00:37:57] [Server thread/ERROR]: Tried to load invalid item: 'No key id in MapLike[{}]'
[00:37:57] [Server thread/ERROR]: Tried to load invalid item: 'No key id in MapLike[{}]'
[00:37:57] [Server thread/ERROR]: Tried to load invalid item: 'No key id in MapLike[{}]'
[00:37:57] [Server thread/ERROR]: Tried to load invalid item: 'No key id in MapLike[{}]'
[00:37:57] [Server thread/ERROR]: Tried to load invalid item: 'No key id in MapLike[{}]'
[00:37:57] [Server thread/ERROR]: Tried to load invalid item: 'No key id in MapLike[{}]'
[00:37:57] [Server thread/ERROR]: Tried to load invalid item: 'No key id in MapLike[{}]'
[00:37:57] [Server thread/ERROR]: Tried to load invalid item: 'No key id in MapLike[{}]'
[00:37:57] [Server thread/ERROR]: Tried to load invalid item: 'No key id in MapLike[{}]'
[00:37:57] [Server thread/ERROR]: Tried to load invalid item: 'No key id in MapLike[{}]'
[00:37:57] [Server thread/ERROR]: Tried to load invalid item: 'No key id in MapLike[{}]'
[00:37:57] [Server thread/ERROR]: Tried to load invalid item: 'No key id in MapLike[{}]'
[00:37:57] [Server thread/ERROR]: Tried to load invalid item: 'No key id in MapLike[{}]'
[00:37:57] [Server thread/ERROR]: Tried to load invalid item: 'No key id in MapLike[{}]'
[00:37:57] [Server thread/ERROR]: Tried to load invalid item: 'No key id in MapLike[{}]'
[00:37:57] [Server thread/ERROR]: Tried to load invalid item: 'No key id in MapLike[{}]'
[00:37:57] [Server thread/ERROR]: Tried to load invalid item: 'No key id in MapLike[{}]'
[00:37:57] [Server thread/ERROR]: Tried to load invalid item: 'No key id in MapLike[{}]'
[00:37:57] [Server thread/ERROR]: Tried to load invalid item: 'No key id in MapLike[{}]'
[00:37:57] [Server thread/ERROR]: Tried to load invalid item: 'No key id in MapLike[{}]'
[00:37:57] [Server thread/ERROR]: Tried to load invalid item: 'No key id in MapLike[{}]'
[00:37:57] [Server thread/ERROR]: Tried to load invalid item: 'No key id in MapLike[{}]'
[00:37:57] [Server thread/ERROR]: Tried to load invalid item: 'No key id in MapLike[{}]'
[00:37:57] [Server thread/ERROR]: Tried to load invalid item: 'No key id in MapLike[{}]'
[00:37:57] [Server thread/ERROR]: Tried to load invalid item: 'No key id in MapLike[{}]'
[00:37:57] [Server thread/ERROR]: Tried to load invalid item: 'No key id in MapLike[{}]'
[00:37:57] [Server thread/ERROR]: Tried to load invalid item: 'No key id in MapLike[{}]'
[00:37:57] [Server thread/ERROR]: Tried to load invalid item: 'No key id in MapLike[{}]'
[00:37:57] [Server thread/ERROR]: Tried to load invalid item: 'No key id in MapLike[{}]'
[00:37:57] [Server thread/ERROR]: Tried to load invalid item: 'No key id in MapLike[{}]'
[00:37:57] [Server thread/ERROR]: Tried to load invalid item: 'No key id in MapLike[{}]'
[00:37:57] [Server thread/ERROR]: Tried to load invalid item: 'No key id in MapLike[{}]'
[00:37:57] [Server thread/ERROR]: Tried to load invalid item: 'No key id in MapLike[{}]'
[00:37:57] [Server thread/ERROR]: Tried to load invalid item: 'No key id in MapLike[{}]'
[00:37:57] [Server thread/ERROR]: Tried to load invalid item: 'No key id in MapLike[{}]'
[00:37:57] [Server thread/ERROR]: Tried to load invalid item: 'No key id in MapLike[{}]'
[00:37:57] [Server thread/ERROR]: Tried to load invalid item: 'No key id in MapLike[{}]'
[00:37:57] [Server thread/ERROR]: Tried to load invalid item: 'No key id in MapLike[{}]'
[00:37:57] [Server thread/ERROR]: Tried to load invalid item: 'No key id in MapLike[{}]'
[00:37:57] [Server thread/ERROR]: Tried to load invalid item: 'No key id in MapLike[{}]'
[00:37:57] [Server thread/ERROR]: Tried to load invalid item: 'No key id in MapLike[{}]'
[00:37:57] [Server thread/ERROR]: Tried to load invalid item: 'No key id in MapLike[{}]'
[00:37:57] [Server thread/ERROR]: Tried to load invalid item: 'No key id in MapLike[{}]'
[00:37:57] [Server thread/ERROR]: Tried to load invalid item: 'No key id in MapLike[{}]'
[00:37:57] [Server thread/ERROR]: Tried to load invalid item: 'No key id in MapLike[{}]'
[00:37:57] [Server thread/ERROR]: Tried to load invalid item: 'No key id in MapLike[{}]'
[00:37:57] [Server thread/ERROR]: Tried to load invalid item: 'No key id in MapLike[{}]'
[00:37:57] [Server thread/ERROR]: Tried to load invalid item: 'No key id in MapLike[{}]'
[00:37:57] [Server thread/ERROR]: Tried to load invalid item: 'No key id in MapLike[{}]'
[00:37:57] [Server thread/ERROR]: Tried to load invalid item: 'No key id in MapLike[{}]'
[00:37:57] [Server thread/ERROR]: Tried to load invalid item: 'No key id in MapLike[{}]'
[00:37:57] [Server thread/ERROR]: Tried to load invalid item: 'No key id in MapLike[{}]'
[00:37:57] [Server thread/ERROR]: Tried to load invalid item: 'No key id in MapLike[{}]'
[00:37:57] [Server thread/ERROR]: Tried to load invalid item: 'No key id in MapLike[{}]'
[00:37:57] [Server thread/ERROR]: Tried to load invalid item: 'No key id in MapLike[{}]'
[00:37:57] [Server thread/ERROR]: Tried to load invalid item: 'No key id in MapLike[{}]'
[00:37:57] [Server thread/ERROR]: Tried to load invalid item: 'No key id in MapLike[{}]'
[00:37:57] [Server thread/ERROR]: Tried to load invalid item: 'No key id in MapLike[{}]'
[00:37:57] [Server thread/ERROR]: Tried to load invalid item: 'No key id in MapLike[{}]'
[00:37:57] [Server thread/ERROR]: Tried to load invalid item: 'No key id in MapLike[{}]'
[00:37:57] [Server thread/ERROR]: Tried to load invalid item: 'No key id in MapLike[{}]'
[00:37:57] [Server thread/ERROR]: Tried to load invalid item: 'No key id in MapLike[{}]'
[00:37:57] [Server thread/ERROR]: Tried to load invalid item: 'No key id in MapLike[{}]'
[00:37:57] [Server thread/ERROR]: Tried to load invalid item: 'No key id in MapLike[{}]'
[00:37:57] [Server thread/ERROR]: Tried to load invalid item: 'No key id in MapLike[{}]'
[00:37:57] [Server thread/ERROR]: Tried to load invalid item: 'No key id in MapLike[{}]'
[00:37:57] [Server thread/ERROR]: Tried to load invalid item: 'No key id in MapLike[{}]'
[00:37:57] [Server thread/ERROR]: Tried to load invalid item: 'No key id in MapLike[{}]'
[00:37:57] [Server thread/ERROR]: Tried to load invalid item: 'No key id in MapLike[{}]'
[00:37:57] [Server thread/ERROR]: Tried to load invalid item: 'No key id in MapLike[{}]'
[00:37:57] [Server thread/ERROR]: Tried to load invalid item: 'No key id in MapLike[{}]'
[00:37:57] [Server thread/ERROR]: Tried to load invalid item: 'No key id in MapLike[{}]'
[00:37:57] [Server thread/ERROR]: Tried to load invalid item: 'No key id in MapLike[{}]'
[00:37:57] [Server thread/ERROR]: Tried to load invalid item: 'No key id in MapLike[{}]'
[00:37:57] [Server thread/ERROR]: Tried to load invalid item: 'No key id in MapLike[{}]'
[00:37:57] [Server thread/ERROR]: Tried to load invalid item: 'No key id in MapLike[{}]'
[00:37:57] [Server thread/ERROR]: Tried to load invalid item: 'No key id in MapLike[{}]'
[00:37:57] [Server thread/ERROR]: Tried to load invalid item: 'No key id in MapLike[{}]'
[00:37:57] [Server thread/ERROR]: Tried to load invalid item: 'No key id in MapLike[{}]'
[00:37:57] [Server thread/ERROR]: Tried to load invalid item: 'No key id in MapLike[{}]'
[00:37:57] [Server thread/ERROR]: Tried to load invalid item: 'No key id in MapLike[{}]'
[00:37:57] [Server thread/ERROR]: Tried to load invalid item: 'No key id in MapLike[{}]'
[00:37:57] [Server thread/ERROR]: Tried to load invalid item: 'No key id in MapLike[{}]'
[00:37:57] [Server thread/ERROR]: Tried to load invalid item: 'No key id in MapLike[{}]'
[00:37:57] [Server thread/ERROR]: Tried to load invalid item: 'No key id in MapLike[{}]'
[00:37:57] [Server thread/ERROR]: Tried to load invalid item: 'No key id in MapLike[{}]'
[00:37:57] [Server thread/ERROR]: Tried to load invalid item: 'No key id in MapLike[{}]'
[00:37:57] [Server thread/ERROR]: Tried to load invalid item: 'No key id in MapLike[{}]'
[00:37:57] [Server thread/ERROR]: Tried to load invalid item: 'No key id in MapLike[{}]'
[00:37:57] [Server thread/ERROR]: Tried to load invalid item: 'No key id in MapLike[{}]'
[00:37:57] [Server thread/ERROR]: Tried to load invalid item: 'No key id in MapLike[{}]'
[00:37:57] [Server thread/ERROR]: Tried to load invalid item: 'No key id in MapLike[{}]'
[00:37:57] [Server thread/ERROR]: Tried to load invalid item: 'No key id in MapLike[{}]'
[00:37:57] [Server thread/ERROR]: Tried to load invalid item: 'No key id in MapLike[{}]'
[00:37:57] [Server thread/ERROR]: Tried to load invalid item: 'No key id in MapLike[{}]'
[00:37:57] [Server thread/ERROR]: Tried to load invalid item: 'No key id in MapLike[{}]'
[00:37:57] [Server thread/ERROR]: Tried to load invalid item: 'No key id in MapLike[{}]'
[00:37:57] [Server thread/ERROR]: Tried to load invalid item: 'No key id in MapLike[{}]'
[00:37:57] [Server thread/ERROR]: Tried to load invalid item: 'No key id in MapLike[{}]'
[00:37:57] [Server thread/ERROR]: Tried to load invalid item: 'No key id in MapLike[{}]'
[00:37:57] [Server thread/ERROR]: Tried to load invalid item: 'No key id in MapLike[{}]'
[00:37:57] [Server thread/ERROR]: Tried to load invalid item: 'No key id in MapLike[{}]'
[00:37:57] [Server thread/ERROR]: Tried to load invalid item: 'No key id in MapLike[{}]'
[00:37:57] [Server thread/ERROR]: Tried to load invalid item: 'No key id in MapLike[{}]'
[00:37:57] [Server thread/ERROR]: Tried to load invalid item: 'No key id in MapLike[{}]'
[00:37:57] [Server thread/ERROR]: Tried to load invalid item: 'No key id in MapLike[{}]'
[00:37:57] [Server thread/ERROR]: Tried to load invalid item: 'No key id in MapLike[{}]'
[00:37:57] [Server thread/ERROR]: Tried to load invalid item: 'No key id in MapLike[{}]'
[00:37:57] [Server thread/ERROR]: Tried to load invalid item: 'No key id in MapLike[{}]'
[00:39:36] [Server thread/ERROR]: Tried to load invalid item: 'No key id in MapLike[{}]'
[00:39:36] [Server thread/ERROR]: Tried to load invalid item: 'No key id in MapLike[{}]'
[00:39:36] [Server thread/ERROR]: Tried to load invalid item: 'No key id in MapLike[{}]'
[00:39:36] [Server thread/ERROR]: Tried to load invalid item: 'No key id in MapLike[{}]'
[00:39:36] [Server thread/ERROR]: Tried to load invalid item: 'No key id in MapLike[{}]'
[00:39:36] [Server thread/ERROR]: Tried to load invalid item: 'No key id in MapLike[{}]'
[00:39:36] [Server thread/ERROR]: Tried to load invalid item: 'No key id in MapLike[{}]'
[00:39:36] [Server thread/ERROR]: Tried to load invalid item: 'No key id in MapLike[{}]'
[00:39:36] [Server thread/ERROR]: Tried to load invalid item: 'No key id in MapLike[{}]'
[00:39:36] [Server thread/ERROR]: Tried to load invalid item: 'No key id in MapLike[{}]'
[00:39:36] [Server thread/ERROR]: Tried to load invalid item: 'No key id in MapLike[{}]'
[00:39:36] [Server thread/ERROR]: Tried to load invalid item: 'No key id in MapLike[{}]'
[00:39:36] [Server thread/ERROR]: Tried to load invalid item: 'No key id in MapLike[{}]'
[00:39:36] [Server thread/ERROR]: Tried to load invalid item: 'No key id in MapLike[{}]'
[00:39:36] [Server thread/ERROR]: Tried to load invalid item: 'No key id in MapLike[{}]'
[00:39:36] [Server thread/ERROR]: Tried to load invalid item: 'No key id in MapLike[{}]'
[00:39:36] [Server thread/ERROR]: Tried to load invalid item: 'No key id in MapLike[{}]'
[00:39:36] [Server thread/ERROR]: Tried to load invalid item: 'No key id in MapLike[{}]'
[00:39:36] [Server thread/ERROR]: Tried to load invalid item: 'No key id in MapLike[{}]'
[00:39:36] [Server thread/ERROR]: Tried to load invalid item: 'No key id in MapLike[{}]'
[00:39:36] [Server thread/ERROR]: Tried to load invalid item: 'No key id in MapLike[{}]'
[00:39:36] [Server thread/ERROR]: Tried to load invalid item: 'No key id in MapLike[{}]'
[00:39:36] [Server thread/ERROR]: Tried to load invalid item: 'No key id in MapLike[{}]'
[00:39:36] [Server thread/ERROR]: Tried to load invalid item: 'No key id in MapLike[{}]'
[00:39:36] [Server thread/ERROR]: Tried to load invalid item: 'No key id in MapLike[{}]'
[00:39:36] [Server thread/ERROR]: Tried to load invalid item: 'No key id in MapLike[{}]'
[00:39:36] [Server thread/ERROR]: Tried to load invalid item: 'No key id in MapLike[{}]'
[00:39:36] [Server thread/ERROR]: Tried to load invalid item: 'No key id in MapLike[{}]'
[00:39:36] [Server thread/ERROR]: Tried to load invalid item: 'No key id in MapLike[{}]'
[00:39:36] [Server thread/ERROR]: Tried to load invalid item: 'No key id in MapLike[{}]'
[00:39:36] [Server thread/ERROR]: Tried to load invalid item: 'No key id in MapLike[{}]'
[00:39:36] [Server thread/ERROR]: Tried to load invalid item: 'No key id in MapLike[{}]'
[00:39:36] [Server thread/ERROR]: Tried to load invalid item: 'No key id in MapLike[{}]'
[00:39:36] [Server thread/ERROR]: Tried to load invalid item: 'No key id in MapLike[{}]'
[00:39:36] [Server thread/ERROR]: Tried to load invalid item: 'No key id in MapLike[{}]'
[00:39:36] [Server thread/ERROR]: Tried to load invalid item: 'No key id in MapLike[{}]'
[00:39:36] [Server thread/ERROR]: Tried to load invalid item: 'No key id in MapLike[{}]'
[00:39:36] [Server thread/ERROR]: Tried to load invalid item: 'No key id in MapLike[{}]'
[00:39:36] [Server thread/ERROR]: Tried to load invalid item: 'No key id in MapLike[{}]'
[00:39:36] [Server thread/ERROR]: Tried to load invalid item: 'No key id in MapLike[{}]'
[00:39:36] [Server thread/ERROR]: Tried to load invalid item: 'No key id in MapLike[{}]'
[00:39:36] [Server thread/ERROR]: Tried to load invalid item: 'No key id in MapLike[{}]'
[00:39:36] [Server thread/ERROR]: Tried to load invalid item: 'No key id in MapLike[{}]'
[00:39:36] [Server thread/ERROR]: Tried to load invalid item: 'No key id in MapLike[{}]'
[00:39:36] [Server thread/ERROR]: Tried to load invalid item: 'No key id in MapLike[{}]'
[00:39:36] [Server thread/ERROR]: Tried to load invalid item: 'No key id in MapLike[{}]'
[00:39:36] [Server thread/ERROR]: Tried to load invalid item: 'No key id in MapLike[{}]'
[00:39:36] [Server thread/ERROR]: Tried to load invalid item: 'No key id in MapLike[{}]'
[00:39:36] [Server thread/ERROR]: Tried to load invalid item: 'No key id in MapLike[{}]'
[00:39:36] [Server thread/ERROR]: Tried to load invalid item: 'No key id in MapLike[{}]'
[00:39:36] [Server thread/ERROR]: Tried to load invalid item: 'No key id in MapLike[{}]'
[00:39:36] [Server thread/ERROR]: Tried to load invalid item: 'No key id in MapLike[{}]'
[00:39:36] [Server thread/ERROR]: Tried to load invalid item: 'No key id in MapLike[{}]'
[00:39:36] [Server thread/ERROR]: Tried to load invalid item: 'No key id in MapLike[{}]'
[00:39:36] [Server thread/ERROR]: Tried to load invalid item: 'No key id in MapLike[{}]'
[00:39:36] [Server thread/ERROR]: Tried to load invalid item: 'No key id in MapLike[{}]'
[00:39:36] [Server thread/ERROR]: Tried to load invalid item: 'No key id in MapLike[{}]'
[00:39:36] [Server thread/ERROR]: Tried to load invalid item: 'No key id in MapLike[{}]'
[00:39:36] [Server thread/ERROR]: Tried to load invalid item: 'No key id in MapLike[{}]'
[00:39:36] [Server thread/ERROR]: Tried to load invalid item: 'No key id in MapLike[{}]'
[00:39:36] [Server thread/ERROR]: Tried to load invalid item: 'No key id in MapLike[{}]'
[00:39:36] [Server thread/ERROR]: Tried to load invalid item: 'No key id in MapLike[{}]'
[00:39:36] [Server thread/ERROR]: Tried to load invalid item: 'No key id in MapLike[{}]'
[00:39:36] [Server thread/ERROR]: Tried to load invalid item: 'No key id in MapLike[{}]'
[00:39:36] [Server thread/ERROR]: Tried to load invalid item: 'No key id in MapLike[{}]'
[00:39:36] [Server thread/ERROR]: Tried to load invalid item: 'No key id in MapLike[{}]'
[00:39:36] [Server thread/ERROR]: Tried to load invalid item: 'No key id in MapLike[{}]'
[00:39:36] [Server thread/ERROR]: Tried to load invalid item: 'No key id in MapLike[{}]'
[00:39:36] [Server thread/ERROR]: Tried to load invalid item: 'No key id in MapLike[{}]'
[00:39:36] [Server thread/ERROR]: Tried to load invalid item: 'No key id in MapLike[{}]'
[00:39:36] [Server thread/ERROR]: Tried to load invalid item: 'No key id in MapLike[{}]'
[00:39:36] [Server thread/ERROR]: Tried to load invalid item: 'No key id in MapLike[{}]'
[00:39:36] [Server thread/ERROR]: Tried to load invalid item: 'No key id in MapLike[{}]'
[00:39:36] [Server thread/ERROR]: Tried to load invalid item: 'No key id in MapLike[{}]'
[00:39:36] [Server thread/ERROR]: Tried to load invalid item: 'No key id in MapLike[{}]'
[00:39:36] [Server thread/ERROR]: Tried to load invalid item: 'No key id in MapLike[{}]'
[00:39:36] [Server thread/ERROR]: Tried to load invalid item: 'No key id in MapLike[{}]'
[00:39:36] [Server thread/ERROR]: Tried to load invalid item: 'No key id in MapLike[{}]'
[00:39:36] [Server thread/ERROR]: Tried to load invalid item: 'No key id in MapLike[{}]'
[00:39:36] [Server thread/ERROR]: Tried to load invalid item: 'No key id in MapLike[{}]'
[00:39:36] [Server thread/ERROR]: Tried to load invalid item: 'No key id in MapLike[{}]'
[00:39:36] [Server thread/ERROR]: Tried to load invalid item: 'No key id in MapLike[{}]'
[00:39:36] [Server thread/ERROR]: Tried to load invalid item: 'No key id in MapLike[{}]'
[00:39:36] [Server thread/ERROR]: Tried to load invalid item: 'No key id in MapLike[{}]'
[00:39:36] [Server thread/ERROR]: Tried to load invalid item: 'No key id in MapLike[{}]'
[00:39:36] [Server thread/ERROR]: Tried to load invalid item: 'No key id in MapLike[{}]'
[00:39:36] [Server thread/ERROR]: Tried to load invalid item: 'No key id in MapLike[{}]'
[00:39:36] [Server thread/ERROR]: Tried to load invalid item: 'No key id in MapLike[{}]'
[00:39:36] [Server thread/ERROR]: Tried to load invalid item: 'No key id in MapLike[{}]'
[00:39:36] [Server thread/ERROR]: Tried to load invalid item: 'No key id in MapLike[{}]'
[00:39:36] [Server thread/ERROR]: Tried to load invalid item: 'No key id in MapLike[{}]'
[00:39:36] [Server thread/ERROR]: Tried to load invalid item: 'No key id in MapLike[{}]'
[00:39:36] [Server thread/ERROR]: Tried to load invalid item: 'No key id in MapLike[{}]'
[00:39:36] [Server thread/ERROR]: Tried to load invalid item: 'No key id in MapLike[{}]'
[00:39:36] [Server thread/ERROR]: Tried to load invalid item: 'No key id in MapLike[{}]'
[00:39:36] [Server thread/ERROR]: Tried to load invalid item: 'No key id in MapLike[{}]'
[00:39:36] [Server thread/ERROR]: Tried to load invalid item: 'No key id in MapLike[{}]'
[00:39:36] [Server thread/ERROR]: Tried to load invalid item: 'No key id in MapLike[{}]'
[00:39:36] [Server thread/ERROR]: Tried to load invalid item: 'No key id in MapLike[{}]'
[00:39:36] [Server thread/ERROR]: Tried to load invalid item: 'No key id in MapLike[{}]'
[00:39:36] [Server thread/ERROR]: Tried to load invalid item: 'No key id in MapLike[{}]'
[00:39:36] [Server thread/ERROR]: Tried to load invalid item: 'No key id in MapLike[{}]'
[00:39:36] [Server thread/ERROR]: Tried to load invalid item: 'No key id in MapLike[{}]'
[00:39:36] [Server thread/ERROR]: Tried to load invalid item: 'No key id in MapLike[{}]'
[00:39:36] [Server thread/ERROR]: Tried to load invalid item: 'No key id in MapLike[{}]'
[00:39:36] [Server thread/ERROR]: Tried to load invalid item: 'No key id in MapLike[{}]'
[00:39:36] [Server thread/ERROR]: Tried to load invalid item: 'No key id in MapLike[{}]'
[00:39:36] [Server thread/ERROR]: Tried to load invalid item: 'No key id in MapLike[{}]'
[00:39:36] [Server thread/ERROR]: Tried to load invalid item: 'No key id in MapLike[{}]'
[00:39:36] [Server thread/ERROR]: Tried to load invalid item: 'No key id in MapLike[{}]'
[00:39:36] [Server thread/ERROR]: Tried to load invalid item: 'No key id in MapLike[{}]'
[00:39:36] [Server thread/ERROR]: Tried to load invalid item: 'No key id in MapLike[{}]'
[00:39:36] [Server thread/ERROR]: Tried to load invalid item: 'No key id in MapLike[{}]'
[00:39:36] [Server thread/ERROR]: Tried to load invalid item: 'No key id in MapLike[{}]'
[00:39:36] [Server thread/ERROR]: Tried to load invalid item: 'No key id in MapLike[{}]'
[00:39:36] [Server thread/ERROR]: Tried to load invalid item: 'No key id in MapLike[{}]'
[00:39:36] [Server thread/ERROR]: Tried to load invalid item: 'No key id in MapLike[{}]'
[00:39:36] [Server thread/ERROR]: Tried to load invalid item: 'No key id in MapLike[{}]'
[00:39:36] [Server thread/ERROR]: Tried to load invalid item: 'No key id in MapLike[{}]'
[00:39:36] [Server thread/ERROR]: Tried to load invalid item: 'No key id in MapLike[{}]'
[00:39:36] [Server thread/ERROR]: Tried to load invalid item: 'No key id in MapLike[{}]'
[00:39:36] [Server thread/ERROR]: Tried to load invalid item: 'No key id in MapLike[{}]'
[00:39:36] [Server thread/ERROR]: Tried to load invalid item: 'No key id in MapLike[{}]'
[00:39:36] [Server thread/ERROR]: Tried to load invalid item: 'No key id in MapLike[{}]'
[00:39:36] [Server thread/ERROR]: Tried to load invalid item: 'No key id in MapLike[{}]'
[00:39:36] [Server thread/ERROR]: Tried to load invalid item: 'No key id in MapLike[{}]'
[00:39:36] [Server thread/ERROR]: Tried to load invalid item: 'No key id in MapLike[{}]'
[00:39:36] [Server thread/ERROR]: Tried to load invalid item: 'No key id in MapLike[{}]'
[00:39:36] [Server thread/ERROR]: Tried to load invalid item: 'No key id in MapLike[{}]'
[00:39:36] [Server thread/ERROR]: Tried to load invalid item: 'No key id in MapLike[{}]'
[00:39:36] [Server thread/ERROR]: Tried to load invalid item: 'No key id in MapLike[{}]'
[00:39:36] [Server thread/ERROR]: Tried to load invalid item: 'No key id in MapLike[{}]'
[00:39:36] [Server thread/ERROR]: Tried to load invalid item: 'No key id in MapLike[{}]'
[00:39:36] [Server thread/ERROR]: Tried to load invalid item: 'No key id in MapLike[{}]'
[00:39:36] [Server thread/ERROR]: Tried to load invalid item: 'No key id in MapLike[{}]'
[00:39:36] [Server thread/ERROR]: Tried to load invalid item: 'No key id in MapLike[{}]'
[00:39:36] [Server thread/ERROR]: Tried to load invalid item: 'No key id in MapLike[{}]'
[00:39:36] [Server thread/ERROR]: Tried to load invalid item: 'No key id in MapLike[{}]'
[00:39:36] [Server thread/ERROR]: Tried to load invalid item: 'No key id in MapLike[{}]'
[00:39:36] [Server thread/ERROR]: Tried to load invalid item: 'No key id in MapLike[{}]'
[00:39:36] [Server thread/ERROR]: Tried to load invalid item: 'No key id in MapLike[{}]'
[00:39:36] [Server thread/ERROR]: Tried to load invalid item: 'No key id in MapLike[{}]'
[00:39:36] [Server thread/ERROR]: Tried to load invalid item: 'No key id in MapLike[{}]'
[00:39:36] [Server thread/ERROR]: Tried to load invalid item: 'No key id in MapLike[{}]'
[00:39:36] [Server thread/ERROR]: Tried to load invalid item: 'No key id in MapLike[{}]'
[00:39:36] [Server thread/ERROR]: Tried to load invalid item: 'No key id in MapLike[{}]'
[00:39:36] [Server thread/ERROR]: Tried to load invalid item: 'No key id in MapLike[{}]'
[00:39:36] [Server thread/ERROR]: Tried to load invalid item: 'No key id in MapLike[{}]'
[00:39:36] [Server thread/ERROR]: Tried to load invalid item: 'No key id in MapLike[{}]'
[00:39:36] [Server thread/ERROR]: Tried to load invalid item: 'No key id in MapLike[{}]'
[00:39:36] [Server thread/ERROR]: Tried to load invalid item: 'No key id in MapLike[{}]'
[00:39:36] [Server thread/ERROR]: Tried to load invalid item: 'No key id in MapLike[{}]'
[00:39:36] [Server thread/ERROR]: Tried to load invalid item: 'No key id in MapLike[{}]'
[00:39:36] [Server thread/ERROR]: Tried to load invalid item: 'No key id in MapLike[{}]'
[00:39:36] [Server thread/ERROR]: Tried to load invalid item: 'No key id in MapLike[{}]'
[00:39:36] [Server thread/ERROR]: Tried to load invalid item: 'No key id in MapLike[{}]'
[00:39:36] [Server thread/ERROR]: Tried to load invalid item: 'No key id in MapLike[{}]'
[00:39:36] [Server thread/ERROR]: Tried to load invalid item: 'No key id in MapLike[{}]'
[00:39:36] [Server thread/ERROR]: Tried to load invalid item: 'No key id in MapLike[{}]'
[00:39:36] [Server thread/ERROR]: Tried to load invalid item: 'No key id in MapLike[{}]'
[00:39:36] [Server thread/ERROR]: Tried to load invalid item: 'No key id in MapLike[{}]'
[00:39:36] [Server thread/ERROR]: Tried to load invalid item: 'No key id in MapLike[{}]'
[00:39:36] [Server thread/ERROR]: Tried to load invalid item: 'No key id in MapLike[{}]'
[00:39:36] [Server thread/ERROR]: Tried to load invalid item: 'No key id in MapLike[{}]'
[00:39:36] [Server thread/ERROR]: Tried to load invalid item: 'No key id in MapLike[{}]'
[00:39:36] [Server thread/ERROR]: Tried to load invalid item: 'No key id in MapLike[{}]'
[00:39:36] [Server thread/ERROR]: Tried to load invalid item: 'No key id in MapLike[{}]'
[00:39:36] [Server thread/ERROR]: Tried to load invalid item: 'No key id in MapLike[{}]'
[00:39:36] [Server thread/ERROR]: Tried to load invalid item: 'No key id in MapLike[{}]'
[00:39:36] [Server thread/ERROR]: Tried to load invalid item: 'No key id in MapLike[{}]'
[00:39:36] [Server thread/ERROR]: Tried to load invalid item: 'No key id in MapLike[{}]'
[00:39:36] [Server thread/ERROR]: Tried to load invalid item: 'No key id in MapLike[{}]'
[00:39:36] [Server thread/ERROR]: Tried to load invalid item: 'No key id in MapLike[{}]'
[00:39:36] [Server thread/ERROR]: Tried to load invalid item: 'No key id in MapLike[{}]'
[00:39:36] [Server thread/ERROR]: Tried to load invalid item: 'No key id in MapLike[{}]'
[00:39:36] [Server thread/ERROR]: Tried to load invalid item: 'No key id in MapLike[{}]'
[00:39:36] [Server thread/ERROR]: Tried to load invalid item: 'No key id in MapLike[{}]'
[00:39:36] [Server thread/ERROR]: Tried to load invalid item: 'No key id in MapLike[{}]'
[00:39:36] [Server thread/ERROR]: Tried to load invalid item: 'No key id in MapLike[{}]'
[00:39:36] [Server thread/ERROR]: Tried to load invalid item: 'No key id in MapLike[{}]'
[00:39:36] [Server thread/ERROR]: Tried to load invalid item: 'No key id in MapLike[{}]'
[00:39:36] [Server thread/ERROR]: Tried to load invalid item: 'No key id in MapLike[{}]'
[00:39:36] [Server thread/ERROR]: Tried to load invalid item: 'No key id in MapLike[{}]'
[00:39:36] [Server thread/ERROR]: Tried to load invalid item: 'No key id in MapLike[{}]'
[00:39:36] [Server thread/ERROR]: Tried to load invalid item: 'No key id in MapLike[{}]'
[00:39:36] [Server thread/ERROR]: Tried to load invalid item: 'No key id in MapLike[{}]'
[00:39:36] [Server thread/ERROR]: Tried to load invalid item: 'No key id in MapLike[{}]'
[00:39:36] [Server thread/ERROR]: Tried to load invalid item: 'No key id in MapLike[{}]'
[00:39:36] [Server thread/ERROR]: Tried to load invalid item: 'No key id in MapLike[{}]'
[00:39:36] [Server thread/ERROR]: Tried to load invalid item: 'No key id in MapLike[{}]'
[00:39:36] [Server thread/ERROR]: Tried to load invalid item: 'No key id in MapLike[{}]'
[00:39:36] [Server thread/ERROR]: Tried to load invalid item: 'No key id in MapLike[{}]'
[00:39:36] [Server thread/ERROR]: Tried to load invalid item: 'No key id in MapLike[{}]'
[00:39:36] [Server thread/ERROR]: Tried to load invalid item: 'No key id in MapLike[{}]'
[00:39:36] [Server thread/ERROR]: Tried to load invalid item: 'No key id in MapLike[{}]'
[00:39:36] [Server thread/ERROR]: Tried to load invalid item: 'No key id in MapLike[{}]'
[00:39:36] [Server thread/ERROR]: Tried to load invalid item: 'No key id in MapLike[{}]'
[00:39:36] [Server thread/ERROR]: Tried to load invalid item: 'No key id in MapLike[{}]'
[00:39:37] [Server thread/INFO]: Hitam was doomed to fall by PHVictor
[00:39:41] [Server thread/ERROR]: Tried to load invalid item: 'No key id in MapLike[{}]'
[00:39:54] [Server thread/ERROR]: Tried to load invalid item: 'No key id in MapLike[{}]'
[00:39:54] [Server thread/ERROR]: Tried to load invalid item: 'No key id in MapLike[{}]'
[00:39:54] [Server thread/ERROR]: Tried to load invalid item: 'No key id in MapLike[{}]'
[00:39:54] [Server thread/ERROR]: Tried to load invalid item: 'No key id in MapLike[{}]'
[00:39:54] [Server thread/ERROR]: Tried to load invalid item: 'No key id in MapLike[{}]'
[00:39:54] [Server thread/ERROR]: Tried to load invalid item: 'No key id in MapLike[{}]'
[00:39:54] [Server thread/ERROR]: Tried to load invalid item: 'No key id in MapLike[{}]'
[00:39:54] [Server thread/ERROR]: Tried to load invalid item: 'No key id in MapLike[{}]'
[00:39:54] [Server thread/ERROR]: Tried to load invalid item: 'No key id in MapLike[{}]'
[00:39:54] [Server thread/ERROR]: Tried to load invalid item: 'No key id in MapLike[{}]'
[00:39:54] [Server thread/ERROR]: Tried to load invalid item: 'No key id in MapLike[{}]'
[00:39:54] [Server thread/ERROR]: Tried to load invalid item: 'No key id in MapLike[{}]'
[00:39:54] [Server thread/ERROR]: Tried to load invalid item: 'No key id in MapLike[{}]'
[00:39:54] [Server thread/ERROR]: Tried to load invalid item: 'No key id in MapLike[{}]'
[00:39:54] [Server thread/ERROR]: Tried to load invalid item: 'No key id in MapLike[{}]'
[00:39:54] [Server thread/ERROR]: Tried to load invalid item: 'No key id in MapLike[{}]'
[00:39:54] [Server thread/ERROR]: Tried to load invalid item: 'No key id in MapLike[{}]'
[00:39:54] [Server thread/ERROR]: Tried to load invalid item: 'No key id in MapLike[{}]'
[00:39:54] [Server thread/ERROR]: Tried to load invalid item: 'No key id in MapLike[{}]'
[00:39:54] [Server thread/ERROR]: Tried to load invalid item: 'No key id in MapLike[{}]'
[00:39:54] [Server thread/ERROR]: Tried to load invalid item: 'No key id in MapLike[{}]'
[00:39:54] [Server thread/ERROR]: Tried to load invalid item: 'No key id in MapLike[{}]'
[00:39:54] [Server thread/ERROR]: Tried to load invalid item: 'No key id in MapLike[{}]'
[00:39:54] [Server thread/ERROR]: Tried to load invalid item: 'No key id in MapLike[{}]'
[00:39:54] [Server thread/ERROR]: Tried to load invalid item: 'No key id in MapLike[{}]'
[00:39:54] [Server thread/ERROR]: Tried to load invalid item: 'No key id in MapLike[{}]'
[00:39:54] [Server thread/ERROR]: Tried to load invalid item: 'No key id in MapLike[{}]'
[00:39:54] [Server thread/ERROR]: Tried to load invalid item: 'No key id in MapLike[{}]'
[00:39:54] [Server thread/ERROR]: Tried to load invalid item: 'No key id in MapLike[{}]'
[00:39:54] [Server thread/ERROR]: Tried to load invalid item: 'No key id in MapLike[{}]'
[00:39:54] [Server thread/ERROR]: Tried to load invalid item: 'No key id in MapLike[{}]'
[00:39:54] [Server thread/ERROR]: Tried to load invalid item: 'No key id in MapLike[{}]'
[00:39:54] [Server thread/ERROR]: Tried to load invalid item: 'No key id in MapLike[{}]'
[00:39:54] [Server thread/ERROR]: Tried to load invalid item: 'No key id in MapLike[{}]'
[00:39:54] [Server thread/ERROR]: Tried to load invalid item: 'No key id in MapLike[{}]'
[00:39:54] [Server thread/ERROR]: Tried to load invalid item: 'No key id in MapLike[{}]'
[00:39:54] [Server thread/ERROR]: Tried to load invalid item: 'No key id in MapLike[{}]'
[00:39:54] [Server thread/ERROR]: Tried to load invalid item: 'No key id in MapLike[{}]'
[00:39:54] [Server thread/ERROR]: Tried to load invalid item: 'No key id in MapLike[{}]'
[00:39:54] [Server thread/ERROR]: Tried to load invalid item: 'No key id in MapLike[{}]'
[00:39:54] [Server thread/ERROR]: Tried to load invalid item: 'No key id in MapLike[{}]'
[00:39:54] [Server thread/ERROR]: Tried to load invalid item: 'No key id in MapLike[{}]'
[00:39:54] [Server thread/ERROR]: Tried to load invalid item: 'No key id in MapLike[{}]'
[00:39:54] [Server thread/ERROR]: Tried to load invalid item: 'No key id in MapLike[{}]'
[00:39:54] [Server thread/ERROR]: Tried to load invalid item: 'No key id in MapLike[{}]'
[00:39:54] [Server thread/ERROR]: Tried to load invalid item: 'No key id in MapLike[{}]'
[00:39:54] [Server thread/ERROR]: Tried to load invalid item: 'No key id in MapLike[{}]'
[00:39:54] [Server thread/ERROR]: Tried to load invalid item: 'No key id in MapLike[{}]'
[00:39:54] [Server thread/ERROR]: Tried to load invalid item: 'No key id in MapLike[{}]'
[00:39:54] [Server thread/ERROR]: Tried to load invalid item: 'No key id in MapLike[{}]'
[00:39:54] [Server thread/ERROR]: Tried to load invalid item: 'No key id in MapLike[{}]'
[00:39:54] [Server thread/ERROR]: Tried to load invalid item: 'No key id in MapLike[{}]'
[00:39:54] [Server thread/ERROR]: Tried to load invalid item: 'No key id in MapLike[{}]'
[00:39:54] [Server thread/ERROR]: Tried to load invalid item: 'No key id in MapLike[{}]'
[00:39:54] [Server thread/ERROR]: Tried to load invalid item: 'No key id in MapLike[{}]'
[00:39:54] [Server thread/ERROR]: Tried to load invalid item: 'No key id in MapLike[{}]'
[00:39:54] [Server thread/ERROR]: Tried to load invalid item: 'No key id in MapLike[{}]'
[00:39:54] [Server thread/ERROR]: Tried to load invalid item: 'No key id in MapLike[{}]'
[00:39:54] [Server thread/ERROR]: Tried to load invalid item: 'No key id in MapLike[{}]'
[00:39:54] [Server thread/ERROR]: Tried to load invalid item: 'No key id in MapLike[{}]'
[00:39:54] [Server thread/ERROR]: Tried to load invalid item: 'No key id in MapLike[{}]'
[00:39:54] [Server thread/ERROR]: Tried to load invalid item: 'No key id in MapLike[{}]'
[00:39:54] [Server thread/ERROR]: Tried to load invalid item: 'No key id in MapLike[{}]'
[00:39:54] [Server thread/ERROR]: Tried to load invalid item: 'No key id in MapLike[{}]'
[00:39:54] [Server thread/ERROR]: Tried to load invalid item: 'No key id in MapLike[{}]'
[00:39:54] [Server thread/ERROR]: Tried to load invalid item: 'No key id in MapLike[{}]'
[00:39:54] [Server thread/ERROR]: Tried to load invalid item: 'No key id in MapLike[{}]'
[00:39:54] [Server thread/ERROR]: Tried to load invalid item: 'No key id in MapLike[{}]'
[00:39:54] [Server thread/ERROR]: Tried to load invalid item: 'No key id in MapLike[{}]'
[00:39:54] [Server thread/ERROR]: Tried to load invalid item: 'No key id in MapLike[{}]'
[00:39:54] [Server thread/ERROR]: Tried to load invalid item: 'No key id in MapLike[{}]'
[00:39:54] [Server thread/ERROR]: Tried to load invalid item: 'No key id in MapLike[{}]'
[00:39:54] [Server thread/ERROR]: Tried to load invalid item: 'No key id in MapLike[{}]'
[00:39:54] [Server thread/ERROR]: Tried to load invalid item: 'No key id in MapLike[{}]'
[00:39:54] [Server thread/ERROR]: Tried to load invalid item: 'No key id in MapLike[{}]'
[00:39:54] [Server thread/ERROR]: Tried to load invalid item: 'No key id in MapLike[{}]'
[00:39:54] [Server thread/ERROR]: Tried to load invalid item: 'No key id in MapLike[{}]'
[00:39:54] [Server thread/ERROR]: Tried to load invalid item: 'No key id in MapLike[{}]'
[00:39:54] [Server thread/ERROR]: Tried to load invalid item: 'No key id in MapLike[{}]'
[00:39:54] [Server thread/ERROR]: Tried to load invalid item: 'No key id in MapLike[{}]'
[00:39:54] [Server thread/ERROR]: Tried to load invalid item: 'No key id in MapLike[{}]'
[00:39:54] [Server thread/ERROR]: Tried to load invalid item: 'No key id in MapLike[{}]'
[00:39:54] [Server thread/ERROR]: Tried to load invalid item: 'No key id in MapLike[{}]'
[00:39:54] [Server thread/ERROR]: Tried to load invalid item: 'No key id in MapLike[{}]'
[00:39:54] [Server thread/ERROR]: Tried to load invalid item: 'No key id in MapLike[{}]'
[00:39:54] [Server thread/ERROR]: Tried to load invalid item: 'No key id in MapLike[{}]'
[00:39:54] [Server thread/ERROR]: Tried to load invalid item: 'No key id in MapLike[{}]'
[00:39:54] [Server thread/ERROR]: Tried to load invalid item: 'No key id in MapLike[{}]'
[00:39:54] [Server thread/ERROR]: Tried to load invalid item: 'No key id in MapLike[{}]'
[00:39:54] [Server thread/ERROR]: Tried to load invalid item: 'No key id in MapLike[{}]'
[00:39:54] [Server thread/ERROR]: Tried to load invalid item: 'No key id in MapLike[{}]'
[00:39:54] [Server thread/ERROR]: Tried to load invalid item: 'No key id in MapLike[{}]'
[00:39:54] [Server thread/ERROR]: Tried to load invalid item: 'No key id in MapLike[{}]'
[00:39:54] [Server thread/ERROR]: Tried to load invalid item: 'No key id in MapLike[{}]'
[00:39:54] [Server thread/ERROR]: Tried to load invalid item: 'No key id in MapLike[{}]'
[00:39:54] [Server thread/ERROR]: Tried to load invalid item: 'No key id in MapLike[{}]'
[00:39:54] [Server thread/ERROR]: Tried to load invalid item: 'No key id in MapLike[{}]'
[00:39:54] [Server thread/ERROR]: Tried to load invalid item: 'No key id in MapLike[{}]'
[00:39:54] [Server thread/ERROR]: Tried to load invalid item: 'No key id in MapLike[{}]'
[00:39:54] [Server thread/ERROR]: Tried to load invalid item: 'No key id in MapLike[{}]'
[00:39:54] [Server thread/ERROR]: Tried to load invalid item: 'No key id in MapLike[{}]'
[00:39:54] [Server thread/ERROR]: Tried to load invalid item: 'No key id in MapLike[{}]'
[00:39:54] [Server thread/ERROR]: Tried to load invalid item: 'No key id in MapLike[{}]'
[00:39:54] [Server thread/ERROR]: Tried to load invalid item: 'No key id in MapLike[{}]'
[00:39:54] [Server thread/ERROR]: Tried to load invalid item: 'No key id in MapLike[{}]'
[00:39:54] [Server thread/ERROR]: Tried to load invalid item: 'No key id in MapLike[{}]'
[00:39:54] [Server thread/ERROR]: Tried to load invalid item: 'No key id in MapLike[{}]'
[00:39:54] [Server thread/ERROR]: Tried to load invalid item: 'No key id in MapLike[{}]'
[00:39:54] [Server thread/ERROR]: Tried to load invalid item: 'No key id in MapLike[{}]'
[00:39:54] [Server thread/ERROR]: Tried to load invalid item: 'No key id in MapLike[{}]'
[00:39:54] [Server thread/ERROR]: Tried to load invalid item: 'No key id in MapLike[{}]'
[00:39:54] [Server thread/ERROR]: Tried to load invalid item: 'No key id in MapLike[{}]'
[00:39:54] [Server thread/ERROR]: Tried to load invalid item: 'No key id in MapLike[{}]'
[00:39:54] [Server thread/ERROR]: Tried to load invalid item: 'No key id in MapLike[{}]'
[00:39:54] [Server thread/ERROR]: Tried to load invalid item: 'No key id in MapLike[{}]'
[00:39:54] [Server thread/ERROR]: Tried to load invalid item: 'No key id in MapLike[{}]'
[00:39:54] [Server thread/ERROR]: Tried to load invalid item: 'No key id in MapLike[{}]'
[00:39:54] [Server thread/ERROR]: Tried to load invalid item: 'No key id in MapLike[{}]'
[00:39:54] [Server thread/ERROR]: Tried to load invalid item: 'No key id in MapLike[{}]'
[00:39:54] [Server thread/ERROR]: Tried to load invalid item: 'No key id in MapLike[{}]'
[00:39:54] [Server thread/ERROR]: Tried to load invalid item: 'No key id in MapLike[{}]'
[00:39:54] [Server thread/ERROR]: Tried to load invalid item: 'No key id in MapLike[{}]'
[00:39:54] [Server thread/ERROR]: Tried to load invalid item: 'No key id in MapLike[{}]'
[00:39:54] [Server thread/ERROR]: Tried to load invalid item: 'No key id in MapLike[{}]'
[00:39:54] [Server thread/ERROR]: Tried to load invalid item: 'No key id in MapLike[{}]'
[00:39:54] [Server thread/ERROR]: Tried to load invalid item: 'No key id in MapLike[{}]'
[00:39:54] [Server thread/ERROR]: Tried to load invalid item: 'No key id in MapLike[{}]'
[00:39:54] [Server thread/ERROR]: Tried to load invalid item: 'No key id in MapLike[{}]'
[00:39:54] [Server thread/ERROR]: Tried to load invalid item: 'No key id in MapLike[{}]'
[00:39:54] [Server thread/ERROR]: Tried to load invalid item: 'No key id in MapLike[{}]'
[00:39:54] [Server thread/ERROR]: Tried to load invalid item: 'No key id in MapLike[{}]'
[00:39:54] [Server thread/ERROR]: Tried to load invalid item: 'No key id in MapLike[{}]'
[00:39:54] [Server thread/ERROR]: Tried to load invalid item: 'No key id in MapLike[{}]'
[00:39:54] [Server thread/ERROR]: Tried to load invalid item: 'No key id in MapLike[{}]'
[00:39:54] [Server thread/ERROR]: Tried to load invalid item: 'No key id in MapLike[{}]'
[00:39:54] [Server thread/ERROR]: Tried to load invalid item: 'No key id in MapLike[{}]'
[00:39:54] [Server thread/ERROR]: Tried to load invalid item: 'No key id in MapLike[{}]'
[00:39:54] [Server thread/ERROR]: Tried to load invalid item: 'No key id in MapLike[{}]'
[00:39:54] [Server thread/ERROR]: Tried to load invalid item: 'No key id in MapLike[{}]'
[00:39:54] [Server thread/ERROR]: Tried to load invalid item: 'No key id in MapLike[{}]'
[00:39:54] [Server thread/ERROR]: Tried to load invalid item: 'No key id in MapLike[{}]'
[00:39:54] [Server thread/ERROR]: Tried to load invalid item: 'No key id in MapLike[{}]'
[00:39:54] [Server thread/ERROR]: Tried to load invalid item: 'No key id in MapLike[{}]'
[00:39:54] [Server thread/ERROR]: Tried to load invalid item: 'No key id in MapLike[{}]'
[00:39:54] [Server thread/ERROR]: Tried to load invalid item: 'No key id in MapLike[{}]'
[00:39:54] [Server thread/ERROR]: Tried to load invalid item: 'No key id in MapLike[{}]'
[00:39:54] [Server thread/ERROR]: Tried to load invalid item: 'No key id in MapLike[{}]'
[00:39:54] [Server thread/ERROR]: Tried to load invalid item: 'No key id in MapLike[{}]'
[00:39:54] [Server thread/ERROR]: Tried to load invalid item: 'No key id in MapLike[{}]'
[00:39:54] [Server thread/ERROR]: Tried to load invalid item: 'No key id in MapLike[{}]'
[00:39:54] [Server thread/ERROR]: Tried to load invalid item: 'No key id in MapLike[{}]'
[00:39:54] [Server thread/ERROR]: Tried to load invalid item: 'No key id in MapLike[{}]'
[00:39:54] [Server thread/ERROR]: Tried to load invalid item: 'No key id in MapLike[{}]'
[00:39:54] [Server thread/ERROR]: Tried to load invalid item: 'No key id in MapLike[{}]'
[00:39:54] [Server thread/ERROR]: Tried to load invalid item: 'No key id in MapLike[{}]'
[00:39:54] [Server thread/ERROR]: Tried to load invalid item: 'No key id in MapLike[{}]'
[00:39:54] [Server thread/ERROR]: Tried to load invalid item: 'No key id in MapLike[{}]'
[00:39:54] [Server thread/ERROR]: Tried to load invalid item: 'No key id in MapLike[{}]'
[00:39:54] [Server thread/ERROR]: Tried to load invalid item: 'No key id in MapLike[{}]'
[00:39:54] [Server thread/ERROR]: Tried to load invalid item: 'No key id in MapLike[{}]'
[00:39:54] [Server thread/ERROR]: Tried to load invalid item: 'No key id in MapLike[{}]'
[00:39:54] [Server thread/ERROR]: Tried to load invalid item: 'No key id in MapLike[{}]'
[00:39:54] [Server thread/ERROR]: Tried to load invalid item: 'No key id in MapLike[{}]'
[00:39:54] [Server thread/ERROR]: Tried to load invalid item: 'No key id in MapLike[{}]'
[00:39:54] [Server thread/ERROR]: Tried to load invalid item: 'No key id in MapLike[{}]'
[00:39:54] [Server thread/ERROR]: Tried to load invalid item: 'No key id in MapLike[{}]'
[00:39:54] [Server thread/ERROR]: Tried to load invalid item: 'No key id in MapLike[{}]'
[00:39:54] [Server thread/ERROR]: Tried to load invalid item: 'No key id in MapLike[{}]'
[00:39:54] [Server thread/ERROR]: Tried to load invalid item: 'No key id in MapLike[{}]'
[00:39:54] [Server thread/ERROR]: Tried to load invalid item: 'No key id in MapLike[{}]'
[00:39:54] [Server thread/ERROR]: Tried to load invalid item: 'No key id in MapLike[{}]'
[00:39:54] [Server thread/ERROR]: Tried to load invalid item: 'No key id in MapLike[{}]'
[00:39:54] [Server thread/ERROR]: Tried to load invalid item: 'No key id in MapLike[{}]'
[00:39:54] [Server thread/ERROR]: Tried to load invalid item: 'No key id in MapLike[{}]'
[00:39:54] [Server thread/ERROR]: Tried to load invalid item: 'No key id in MapLike[{}]'
[00:39:54] [Server thread/ERROR]: Tried to load invalid item: 'No key id in MapLike[{}]'
[00:39:54] [Server thread/ERROR]: Tried to load invalid item: 'No key id in MapLike[{}]'
[00:39:54] [Server thread/ERROR]: Tried to load invalid item: 'No key id in MapLike[{}]'
[00:39:54] [Server thread/ERROR]: Tried to load invalid item: 'No key id in MapLike[{}]'
[00:39:54] [Server thread/ERROR]: Tried to load invalid item: 'No key id in MapLike[{}]'
[00:39:54] [Server thread/ERROR]: Tried to load invalid item: 'No key id in MapLike[{}]'
[00:39:54] [Server thread/ERROR]: Tried to load invalid item: 'No key id in MapLike[{}]'
[00:39:54] [Server thread/ERROR]: Tried to load invalid item: 'No key id in MapLike[{}]'
[00:39:54] [Server thread/ERROR]: Tried to load invalid item: 'No key id in MapLike[{}]'
[00:39:54] [Server thread/ERROR]: Tried to load invalid item: 'No key id in MapLike[{}]'
[00:39:54] [Server thread/ERROR]: Tried to load invalid item: 'No key id in MapLike[{}]'
[00:39:54] [Server thread/ERROR]: Tried to load invalid item: 'No key id in MapLike[{}]'
[00:39:54] [Server thread/ERROR]: Tried to load invalid item: 'No key id in MapLike[{}]'
[00:39:54] [Server thread/ERROR]: Tried to load invalid item: 'No key id in MapLike[{}]'
[00:39:54] [Server thread/ERROR]: Tried to load invalid item: 'No key id in MapLike[{}]'
[00:39:54] [Server thread/ERROR]: Tried to load invalid item: 'No key id in MapLike[{}]'
[00:39:54] [Server thread/ERROR]: Tried to load invalid item: 'No key id in MapLike[{}]'
[00:39:54] [Server thread/ERROR]: Tried to load invalid item: 'No key id in MapLike[{}]'
[00:39:54] [Server thread/ERROR]: Tried to load invalid item: 'No key id in MapLike[{}]'
[00:39:54] [Server thread/ERROR]: Tried to load invalid item: 'No key id in MapLike[{}]'
[00:39:54] [Server thread/ERROR]: Tried to load invalid item: 'No key id in MapLike[{}]'
[00:39:54] [Server thread/ERROR]: Tried to load invalid item: 'No key id in MapLike[{}]'
[00:39:54] [Server thread/ERROR]: Tried to load invalid item: 'No key id in MapLike[{}]'
[00:39:54] [Server thread/ERROR]: Tried to load invalid item: 'No key id in MapLike[{}]'
[00:39:54] [Server thread/ERROR]: Tried to load invalid item: 'No key id in MapLike[{}]'
[00:39:54] [Server thread/ERROR]: Tried to load invalid item: 'No key id in MapLike[{}]'
[00:39:54] [Server thread/ERROR]: Tried to load invalid item: 'No key id in MapLike[{}]'
[00:39:54] [Server thread/ERROR]: Tried to load invalid item: 'No key id in MapLike[{}]'
[00:39:54] [Server thread/ERROR]: Tried to load invalid item: 'No key id in MapLike[{}]'
[00:39:54] [Server thread/ERROR]: Tried to load invalid item: 'No key id in MapLike[{}]'
[00:39:54] [Server thread/ERROR]: Tried to load invalid item: 'No key id in MapLike[{}]'
[00:39:54] [Server thread/ERROR]: Tried to load invalid item: 'No key id in MapLike[{}]'
[00:39:54] [Server thread/ERROR]: Tried to load invalid item: 'No key id in MapLike[{}]'
[00:39:54] [Server thread/ERROR]: Tried to load invalid item: 'No key id in MapLike[{}]'
[00:39:54] [Server thread/ERROR]: Tried to load invalid item: 'No key id in MapLike[{}]'
[00:39:54] [Server thread/ERROR]: Tried to load invalid item: 'No key id in MapLike[{}]'
[00:39:54] [Server thread/ERROR]: Tried to load invalid item: 'No key id in MapLike[{}]'
[00:39:54] [Server thread/ERROR]: Tried to load invalid item: 'No key id in MapLike[{}]'
[00:39:54] [Server thread/ERROR]: Tried to load invalid item: 'No key id in MapLike[{}]'
[00:39:54] [Server thread/ERROR]: Tried to load invalid item: 'No key id in MapLike[{}]'
[00:39:54] [Server thread/ERROR]: Tried to load invalid item: 'No key id in MapLike[{}]'
[00:39:54] [Server thread/ERROR]: Tried to load invalid item: 'No key id in MapLike[{}]'
[00:39:54] [Server thread/ERROR]: Tried to load invalid item: 'No key id in MapLike[{}]'
[00:39:54] [Server thread/ERROR]: Tried to load invalid item: 'No key id in MapLike[{}]'
[00:39:54] [Server thread/ERROR]: Tried to load invalid item: 'No key id in MapLike[{}]'
[00:39:54] [Server thread/ERROR]: Tried to load invalid item: 'No key id in MapLike[{}]'
[00:39:54] [Server thread/ERROR]: Tried to load invalid item: 'No key id in MapLike[{}]'
[00:39:54] [Server thread/ERROR]: Tried to load invalid item: 'No key id in MapLike[{}]'
[00:39:54] [Server thread/ERROR]: Tried to load invalid item: 'No key id in MapLike[{}]'
[00:39:54] [Server thread/ERROR]: Tried to load invalid item: 'No key id in MapLike[{}]'
[00:39:54] [Server thread/ERROR]: Tried to load invalid item: 'No key id in MapLike[{}]'
[00:39:54] [Server thread/ERROR]: Tried to load invalid item: 'No key id in MapLike[{}]'
[00:39:54] [Server thread/ERROR]: Tried to load invalid item: 'No key id in MapLike[{}]'
[00:39:54] [Server thread/ERROR]: Tried to load invalid item: 'No key id in MapLike[{}]'
[00:39:54] [Server thread/ERROR]: Tried to load invalid item: 'No key id in MapLike[{}]'
[00:39:54] [Server thread/ERROR]: Tried to load invalid item: 'No key id in MapLike[{}]'
[00:39:54] [Server thread/ERROR]: Tried to load invalid item: 'No key id in MapLike[{}]'
[00:39:54] [Server thread/ERROR]: Tried to load invalid item: 'No key id in MapLike[{}]'
[00:39:55] [Server thread/ERROR]: Tried to load invalid item: 'No key id in MapLike[{}]'
[00:39:55] [Server thread/ERROR]: Tried to load invalid item: 'No key id in MapLike[{}]'
[00:39:55] [Server thread/ERROR]: Tried to load invalid item: 'No key id in MapLike[{}]'
[00:39:55] [Server thread/ERROR]: Tried to load invalid item: 'No key id in MapLike[{}]'
[00:39:55] [Server thread/ERROR]: Tried to load invalid item: 'No key id in MapLike[{}]'
[00:39:55] [Server thread/ERROR]: Tried to load invalid item: 'No key id in MapLike[{}]'
[00:39:55] [Server thread/ERROR]: Tried to load invalid item: 'No key id in MapLike[{}]'
[00:39:55] [Server thread/ERROR]: Tried to load invalid item: 'No key id in MapLike[{}]'
[00:39:57] [Server thread/INFO]: Hitam claimed a grave belonging to Hitam at 1244, 52, 700, eternal_starlight:starlight
[00:41:15] [Server thread/INFO]: Hitam was doomed to fall by PHVictor
[00:41:23] [Server thread/INFO]: Hitam claimed a grave belonging to Hitam at 1244, 140, 699, minecraft:overworld
[00:43:33] [Server thread/INFO]: Hitam has made the advancement [Duke it out!]
[00:43:49] [Server thread/INFO]: Hitam has made the advancement [Guided by Starlight]
[00:46:33] [Server thread/INFO]: Hitam has made the advancement [It Bites]
[00:48:09] [Server thread/INFO]: Hitam has made the advancement [Sweet Dreams]
[00:52:47] [Server thread/INFO]: Hitam has reached the goal [Choose your path]
[00:53:24] [Server thread/INFO]: AmriiCuy has reached the goal [Choose your path]
[00:53:34] [Server thread/INFO]: Hitam has made the advancement [Path of Archery]
[00:53:47] [Server thread/INFO]: AmriiCuy has made the advancement [All That Glitters]
[00:54:27] [Server thread/INFO]: AmriiCuy has made the advancement [Path of Archery]
[00:56:13] [Server thread/INFO]: AmriiCuy has made the advancement [Take Aim]
[00:59:32] [Server thread/INFO]: Hitam has reached the goal [Off you go]
[01:01:58] [Server thread/ERROR]: Tried to load invalid item: 'No key id in MapLike[{}]'
[01:02:04] [Server thread/ERROR]: Tried to load invalid item: 'No key id in MapLike[{}]'
[01:02:04] [Server thread/ERROR]: Tried to load invalid item: 'No key id in MapLike[{}]'
[01:02:08] [Server thread/ERROR]: Tried to load invalid item: 'No key id in MapLike[{}]'
[01:02:28] [Server thread/ERROR]: Tried to load invalid item: 'No key id in MapLike[{}]'
[01:02:53] [Server thread/ERROR]: Tried to load invalid item: 'No key id in MapLike[{}]'
[01:03:11] [Server thread/INFO]: Hitam went off with a bang
[01:03:20] [Server thread/INFO]: Hitam claimed a grave belonging to Hitam at 1166, 62, 1192, minecraft:overworld
[01:03:26] [Server thread/INFO]: [STDOUT]: villager name for villagerEntity (parent) = Jamze Mortimer the Librarian
[01:03:26] [Server thread/INFO]: [STDOUT]: villager name for villagerEntity3 (child) = Jamze Mortimer the Librarian
[01:03:40] [Server thread/ERROR]: Tried to load invalid item: 'No key id in MapLike[{}]'
[01:03:42] [Server thread/ERROR]: Tried to load invalid item: 'No key id in MapLike[{}]'
[01:03:45] [Server thread/ERROR]: Tried to load invalid item: 'No key id in MapLike[{}]'
[01:03:45] [Server thread/ERROR]: Tried to load invalid item: 'No key id in MapLike[{}]'
[01:03:47] [Server thread/ERROR]: Tried to load invalid item: 'No key id in MapLike[{}]'
[01:03:47] [Server thread/ERROR]: Tried to load invalid item: 'No key id in MapLike[{}]'
[01:04:11] [Server thread/INFO]: Named entity ZombieVillager['Wibeke Caveny'/18730, l='ServerLevel[New World]', x=1299.81, y=91.00, z=1363.19] died: Wibeke Caveny burned to death
[01:05:10] [Server thread/INFO]: Hitam was doomed to fall by AmriiCuy
[01:05:15] [Server thread/INFO]: Hitam claimed a grave belonging to Hitam at 1328, 68, 1350, minecraft:overworld
[01:07:59] [Server thread/ERROR]: Tried to load invalid item: 'No key id in MapLike[{}]'
[01:08:30] [Server thread/ERROR]: Tried to load invalid item: 'No key id in MapLike[{}]'
[01:08:52] [Server thread/ERROR]: Tried to load invalid item: 'No key id in MapLike[{}]'
[01:08:54] [Server thread/ERROR]: Tried to load invalid item: 'No key id in MapLike[{}]'
[01:08:56] [Server thread/ERROR]: Tried to load invalid item: 'No key id in MapLike[{}]'
[01:08:56] [Server thread/ERROR]: Tried to load invalid item: 'No key id in MapLike[{}]'
[01:08:56] [Server thread/ERROR]: Tried to load invalid item: 'No key id in MapLike[{}]'
[01:09:14] [Server thread/ERROR]: Tried to load invalid item: 'No key id in MapLike[{}]'
[01:09:14] [Server thread/ERROR]: Tried to load invalid item: 'No key id in MapLike[{}]'
[01:09:14] [Server thread/ERROR]: Tried to load invalid item: 'No key id in MapLike[{}]'
[01:09:18] [Server thread/ERROR]: Tried to load invalid item: 'No key id in MapLike[{}]'
[01:09:18] [Server thread/ERROR]: Tried to load invalid item: 'No key id in MapLike[{}]'
[01:09:18] [Server thread/ERROR]: Tried to load invalid item: 'No key id in MapLike[{}]'
[01:09:50] [Server thread/ERROR]: Tried to load invalid item: 'No key id in MapLike[{}]'
[01:09:50] [Server thread/ERROR]: Tried to load invalid item: 'No key id in MapLike[{}]'
[01:09:50] [Server thread/ERROR]: Tried to load invalid item: 'No key id in MapLike[{}]'
[01:10:00] [Server thread/ERROR]: Tried to load invalid item: 'No key id in MapLike[{}]'
[01:10:00] [Server thread/ERROR]: Tried to load invalid item: 'No key id in MapLike[{}]'
[01:10:00] [Server thread/ERROR]: Tried to load invalid item: 'No key id in MapLike[{}]'
[01:10:42] [Server thread/INFO]: Villager Villager['Gerhardt Block the Cartographer'/18842, l='ServerLevel[New World]', x=1334.14, y=106.00, z=1394.51] died, message: 'Gerhardt Block the Cartographer was slain by Kobold Warrior'
[01:10:42] [Server thread/INFO]: Named entity Villager['Gerhardt Block the Cartographer'/18842, l='ServerLevel[New World]', x=1334.14, y=106.00, z=1394.51] died: Gerhardt Block the Cartographer was slain by Kobold Warrior
[01:11:48] [Server thread/INFO]: Named entity ZombieVillager['Gerhardt Block'/19024, l='ServerLevel[New World]', x=1309.88, y=67.00, z=1461.06] died: Gerhardt Block was slain by Palanee Nuzzi
[01:11:53] [Server thread/INFO]: Named entity ZombieVillager['Ferrando Gregus'/21407, l='ServerLevel[New World]', x=1309.80, y=67.00, z=1461.31] died: Ferrando Gregus was slain by Isaih Tabron
[01:12:00] [Server thread/INFO]: Named entity ZombieVillager['Carlow Younge'/18968, l='ServerLevel[New World]', x=1311.34, y=67.00, z=1461.85] died: Carlow Younge was slain by Palanee Nuzzi
[01:15:06] [Server thread/INFO]: [STDOUT]: villager name for villagerEntity (parent) = Safa Birkeland the Farmer
[01:15:06] [Server thread/INFO]: [STDOUT]: villager name for villagerEntity3 (child) = Safa Birkeland the Farmer
[01:15:18] [Server thread/INFO]: Hitam lost connection: Timed out
[01:15:18] [Server thread/INFO]: Hitam left the game
[01:15:19] [Server thread/WARN]: handleDisconnection() called twice
[01:15:56] [Server thread/INFO]: AmriiCuy was slain by Enderman
[01:16:03] [Server thread/ERROR]: Tried to load invalid item: 'No key id in MapLike[{}]'
[01:16:03] [Server thread/ERROR]: Tried to load invalid item: 'No key id in MapLike[{}]'
[01:16:03] [Server thread/ERROR]: Tried to load invalid item: 'No key id in MapLike[{}]'
[01:16:03] [Server thread/ERROR]: Tried to load invalid item: 'No key id in MapLike[{}]'
[01:16:03] [Server thread/ERROR]: Tried to load invalid item: 'No key id in MapLike[{}]'
[01:16:03] [Server thread/ERROR]: Tried to load invalid item: 'No key id in MapLike[{}]'
[01:16:03] [Server thread/ERROR]: Tried to load invalid item: 'No key id in MapLike[{}]'
[01:16:03] [Server thread/ERROR]: Tried to load invalid item: 'No key id in MapLike[{}]'
[01:16:03] [Server thread/ERROR]: Tried to load invalid item: 'No key id in MapLike[{}]'
[01:16:03] [Server thread/ERROR]: Tried to load invalid item: 'No key id in MapLike[{}]'
[01:16:03] [Server thread/ERROR]: Tried to load invalid item: 'No key id in MapLike[{}]'
[01:16:03] [Server thread/ERROR]: Tried to load invalid item: 'No key id in MapLike[{}]'
[01:16:03] [Server thread/ERROR]: Tried to load invalid item: 'No key id in MapLike[{}]'
[01:16:03] [Server thread/ERROR]: Tried to load invalid item: 'No key id in MapLike[{}]'
[01:16:03] [Server thread/ERROR]: Tried to load invalid item: 'No key id in MapLike[{}]'
[01:16:03] [Server thread/ERROR]: Tried to load invalid item: 'No key id in MapLike[{}]'
[01:16:03] [Server thread/ERROR]: Tried to load invalid item: 'No key id in MapLike[{}]'
[01:16:03] [Server thread/ERROR]: Tried to load invalid item: 'No key id in MapLike[{}]'
[01:16:03] [Server thread/ERROR]: Tried to load invalid item: 'No key id in MapLike[{}]'
[01:16:03] [Server thread/ERROR]: Tried to load invalid item: 'No key id in MapLike[{}]'
[01:16:03] [Server thread/ERROR]: Tried to load invalid item: 'No key id in MapLike[{}]'
[01:16:03] [Server thread/ERROR]: Tried to load invalid item: 'No key id in MapLike[{}]'
[01:16:04] [Server thread/ERROR]: Tried to load invalid item: 'No key id in MapLike[{}]'
[01:16:04] [Server thread/ERROR]: Tried to load invalid item: 'No key id in MapLike[{}]'
[01:16:04] [Server thread/INFO]: AmriiCuy claimed a grave belonging to AmriiCuy at 1368, 111, 1384, minecraft:overworld
[01:16:04] [Server thread/ERROR]: Tried to load invalid item: 'No key id in MapLike[{}]'
[01:16:04] [Server thread/ERROR]: Tried to load invalid item: 'No key id in MapLike[{}]'
[01:16:04] [Server thread/ERROR]: Tried to load invalid item: 'No key id in MapLike[{}]'
[01:16:29] [Server thread/INFO]: Hitam[/127.0.0.1:40166] logged in with entity id 22805 at (1350.5301776162505, 101.0, 1383.957411428467)
[01:16:29] [Server thread/INFO]: Sending server config values to client
[01:16:29] [Server thread/INFO]: PlayerJoinedEvent done (4018214c-adcc-3565-b6dd-26fc0e99cbe6)
[01:16:29] [Server thread/INFO]: Loading config from file...
[01:16:30] [Server thread/INFO]: Hitam joined the game
[01:16:30] [Server thread/INFO]: Priority overwritten for player Hitam. Claiming: GRAVE / Robbing: INVENTORY
[01:16:30] [Server thread/INFO]: Receiving client config
[01:17:12] [Server thread/ERROR]: Tried to load invalid item: 'No key id in MapLike[{}]'
[01:17:43] [Server thread/ERROR]: Tried to load invalid item: 'No key id in MapLike[{}]'
[01:17:57] [Server thread/ERROR]: Tried to load invalid item: 'No key id in MapLike[{}]'
[01:18:17] [Server thread/ERROR]: Tried to load invalid item: 'No key id in MapLike[{}]'
[01:18:44] [Server thread/ERROR]: Tried to load invalid item: 'No key id in MapLike[{}]'
[01:18:57] [Server thread/ERROR]: Tried to load invalid item: 'No key id in MapLike[{}]'
[01:19:19] [Server thread/ERROR]: Tried to load invalid item: 'No key id in MapLike[{}]'
[01:19:30] [Server thread/ERROR]: Tried to load invalid item: 'No key id in MapLike[{}]'
[01:19:42] [Server thread/ERROR]: Tried to load invalid item: 'No key id in MapLike[{}]'
[01:19:47] [Server thread/ERROR]: Tried to load invalid item: 'No key id in MapLike[{}]'
[01:19:56] [Server thread/ERROR]: Tried to load invalid item: 'No key id in MapLike[{}]'
[01:20:09] [Server thread/ERROR]: Tried to load invalid item: 'No key id in MapLike[{}]'
[01:20:23] [Server thread/ERROR]: Tried to load invalid item: 'No key id in MapLike[{}]'
[01:20:28] [Server thread/ERROR]: Tried to load invalid item: 'No key id in MapLike[{}]'
[01:20:28] [Server thread/ERROR]: Tried to load invalid item: 'No key id in MapLike[{}]'
[01:20:28] [Server thread/ERROR]: Tried to load invalid item: 'No key id in MapLike[{}]'
[01:20:28] [Server thread/ERROR]: Tried to load invalid item: 'No key id in MapLike[{}]'
[01:20:28] [Server thread/ERROR]: Tried to load invalid item: 'No key id in MapLike[{}]'
[01:20:32] [Server thread/ERROR]: Tried to load invalid item: 'No key id in MapLike[{}]'
[01:20:38] [Server thread/ERROR]: Tried to load invalid item: 'No key id in MapLike[{}]'
[01:20:45] [Server thread/ERROR]: Tried to load invalid item: 'No key id in MapLike[{}]'
[01:20:45] [Server thread/ERROR]: Tried to load invalid item: 'No key id in MapLike[{}]'
[01:20:45] [Server thread/ERROR]: Tried to load invalid item: 'No key id in MapLike[{}]'
[01:20:45] [Server thread/ERROR]: Tried to load invalid item: 'No key id in MapLike[{}]'
[01:20:45] [Server thread/ERROR]: Tried to load invalid item: 'No key id in MapLike[{}]'
[01:21:54] [Server thread/INFO]: [STDOUT]: villager name for villagerEntity (parent) = Emerie Boykin the Farmer
[01:21:54] [Server thread/INFO]: [STDOUT]: villager name for villagerEntity3 (child) = Emerie Boykin the Farmer
[01:23:19] [Server thread/ERROR]: Tried to load invalid item: 'No key id in MapLike[{}]'
[01:23:19] [Server thread/ERROR]: Tried to load invalid item: 'No key id in MapLike[{}]'
[01:23:19] [Server thread/ERROR]: Tried to load invalid item: 'No key id in MapLike[{}]'
[01:23:24] [Server thread/ERROR]: Tried to load invalid item: 'No key id in MapLike[{}]'
[01:23:24] [Server thread/ERROR]: Tried to load invalid item: 'No key id in MapLike[{}]'
[01:23:24] [Server thread/ERROR]: Tried to load invalid item: 'No key id in MapLike[{}]'
[01:23:24] [Server thread/ERROR]: Tried to load invalid item: 'No key id in MapLike[{}]'
[01:23:24] [Server thread/ERROR]: Tried to load invalid item: 'No key id in MapLike[{}]'
[01:24:42] [Server thread/ERROR]: Tried to load invalid item: 'No key id in MapLike[{}]'
[01:24:44] [Server thread/ERROR]: Tried to load invalid item: 'No key id in MapLike[{}]'
[01:24:46] [Server thread/ERROR]: Tried to load invalid item: 'No key id in MapLike[{}]'
[01:24:46] [Server thread/ERROR]: Tried to load invalid item: 'No key id in MapLike[{}]'
[01:24:46] [Server thread/ERROR]: Tried to load invalid item: 'No key id in MapLike[{}]'
[01:24:46] [Server thread/ERROR]: Tried to load invalid item: 'No key id in MapLike[{}]'
[01:25:00] [Server thread/ERROR]: Tried to load invalid item: 'No key id in MapLike[{}]'
[01:25:00] [Server thread/ERROR]: Tried to load invalid item: 'No key id in MapLike[{}]'
[01:25:00] [Server thread/ERROR]: Tried to load invalid item: 'No key id in MapLike[{}]'
[01:25:00] [Server thread/ERROR]: Tried to load invalid item: 'No key id in MapLike[{}]'
[01:25:00] [Server thread/ERROR]: Tried to load invalid item: 'No key id in MapLike[{}]'
[01:25:00] [Server thread/ERROR]: Tried to load invalid item: 'No key id in MapLike[{}]'
[01:25:00] [Server thread/ERROR]: Tried to load invalid item: 'No key id in MapLike[{}]'
[01:25:00] [Server thread/ERROR]: Tried to load invalid item: 'No key id in MapLike[{}]'
[01:25:00] [Server thread/ERROR]: Tried to load invalid item: 'No key id in MapLike[{}]'
[01:25:00] [Server thread/ERROR]: Tried to load invalid item: 'No key id in MapLike[{}]'
[01:25:00] [Server thread/ERROR]: Tried to load invalid item: 'No key id in MapLike[{}]'
[01:25:00] [Server thread/ERROR]: Tried to load invalid item: 'No key id in MapLike[{}]'
[01:25:00] [Server thread/ERROR]: Tried to load invalid item: 'No key id in MapLike[{}]'
[01:25:05] [Server thread/ERROR]: Tried to load invalid item: 'No key id in MapLike[{}]'
[01:25:18] [Server thread/ERROR]: Tried to load invalid item: 'No key id in MapLike[{}]'
[01:25:35] [Server thread/ERROR]: Tried to load invalid item: 'No key id in MapLike[{}]'
[01:25:42] [Server thread/INFO]: AmriiCuy lost connection: Disconnected
[01:25:42] [Server thread/INFO]: AmriiCuy left the game
[01:25:48] [Server thread/INFO]: Hitam has made the advancement [Suit Up]
[01:26:11] [Server thread/ERROR]: Tried to load invalid item: 'No key id in MapLike[{}]'
[01:26:35] [Server thread/ERROR]: Tried to load invalid item: 'No key id in MapLike[{}]'
[01:26:35] [Server thread/ERROR]: Tried to load invalid item: 'No key id in MapLike[{}]'
[01:26:35] [Server thread/ERROR]: Tried to load invalid item: 'No key id in MapLike[{}]'
[01:26:35] [Server thread/ERROR]: Tried to load invalid item: 'No key id in MapLike[{}]'
[01:26:35] [Server thread/ERROR]: Tried to load invalid item: 'No key id in MapLike[{}]'
[01:26:36] [Server thread/ERROR]: Tried to load invalid item: 'No key id in MapLike[{}]'
[01:26:42] [Server thread/ERROR]: Tried to load invalid item: 'No key id in MapLike[{}]'
[01:26:42] [Server thread/ERROR]: Tried to load invalid item: 'No key id in MapLike[{}]'
[01:26:42] [Server thread/ERROR]: Tried to load invalid item: 'No key id in MapLike[{}]'
[01:26:42] [Server thread/ERROR]: Tried to load invalid item: 'No key id in MapLike[{}]'
[01:26:42] [Server thread/ERROR]: Tried to load invalid item: 'No key id in MapLike[{}]'
[01:26:45] [Server thread/ERROR]: Tried to load invalid item: 'No key id in MapLike[{}]'
[01:26:45] [Server thread/ERROR]: Tried to load invalid item: 'No key id in MapLike[{}]'
[01:26:45] [Server thread/ERROR]: Tried to load invalid item: 'No key id in MapLike[{}]'
[01:26:45] [Server thread/ERROR]: Tried to load invalid item: 'No key id in MapLike[{}]'
[01:26:45] [Server thread/ERROR]: Tried to load invalid item: 'No key id in MapLike[{}]'
[01:26:49] [Server thread/ERROR]: Tried to load invalid item: 'No key id in MapLike[{}]'
[01:26:49] [Server thread/ERROR]: Tried to load invalid item: 'No key id in MapLike[{}]'
[01:26:49] [Server thread/ERROR]: Tried to load invalid item: 'No key id in MapLike[{}]'
[01:26:49] [Server thread/ERROR]: Tried to load invalid item: 'No key id in MapLike[{}]'
[01:26:49] [Server thread/ERROR]: Tried to load invalid item: 'No key id in MapLike[{}]'
[01:27:13] [Server thread/ERROR]: Tried to load invalid item: 'No key id in MapLike[{}]'
[01:27:13] [Server thread/ERROR]: Tried to load invalid item: 'No key id in MapLike[{}]'
[01:27:13] [Server thread/ERROR]: Tried to load invalid item: 'No key id in MapLike[{}]'
[01:27:13] [Server thread/ERROR]: Tried to load invalid item: 'No key id in MapLike[{}]'
[01:27:13] [Server thread/ERROR]: Tried to load invalid item: 'No key id in MapLike[{}]'
[01:27:25] [Server thread/ERROR]: Tried to load invalid item: 'No key id in MapLike[{}]'
[01:27:25] [Server thread/ERROR]: Tried to load invalid item: 'No key id in MapLike[{}]'
[01:27:25] [Server thread/ERROR]: Tried to load invalid item: 'No key id in MapLike[{}]'
[01:27:25] [Server thread/ERROR]: Tried to load invalid item: 'No key id in MapLike[{}]'
[01:27:25] [Server thread/ERROR]: Tried to load invalid item: 'No key id in MapLike[{}]'
[01:27:31] [Server thread/ERROR]: Tried to load invalid item: 'No key id in MapLike[{}]'
[01:27:32] [Server thread/ERROR]: Tried to load invalid item: 'No key id in MapLike[{}]'
[01:27:44] [Server thread/ERROR]: Tried to load invalid item: 'No key id in MapLike[{}]'
[01:27:44] [Server thread/ERROR]: Tried to load invalid item: 'No key id in MapLike[{}]'
[01:27:44] [Server thread/ERROR]: Tried to load invalid item: 'No key id in MapLike[{}]'
[01:27:44] [Server thread/ERROR]: Tried to load invalid item: 'No key id in MapLike[{}]'
[01:27:44] [Server thread/ERROR]: Tried to load invalid item: 'No key id in MapLike[{}]'
[01:27:48] [Server thread/ERROR]: Tried to load invalid item: 'No key id in MapLike[{}]'
[01:27:48] [Server thread/ERROR]: Tried to load invalid item: 'No key id in MapLike[{}]'
[01:27:48] [Server thread/ERROR]: Tried to load invalid item: 'No key id in MapLike[{}]'
[01:27:48] [Server thread/ERROR]: Tried to load invalid item: 'No key id in MapLike[{}]'
[01:27:48] [Server thread/ERROR]: Tried to load invalid item: 'No key id in MapLike[{}]'
[01:28:17] [Server thread/ERROR]: Tried to load invalid item: 'No key id in MapLike[{}]'
[01:28:17] [Server thread/ERROR]: Tried to load invalid item: 'No key id in MapLike[{}]'
[01:28:17] [Server thread/ERROR]: Tried to load invalid item: 'No key id in MapLike[{}]'
[01:28:17] [Server thread/ERROR]: Tried to load invalid item: 'No key id in MapLike[{}]'
[01:28:17] [Server thread/ERROR]: Tried to load invalid item: 'No key id in MapLike[{}]'
[01:28:22] [Server thread/ERROR]: Tried to load invalid item: 'No key id in MapLike[{}]'
[01:28:22] [Server thread/ERROR]: Tried to load invalid item: 'No key id in MapLike[{}]'
[01:28:22] [Server thread/ERROR]: Tried to load invalid item: 'No key id in MapLike[{}]'
[01:28:22] [Server thread/ERROR]: Tried to load invalid item: 'No key id in MapLike[{}]'
[01:28:22] [Server thread/ERROR]: Tried to load invalid item: 'No key id in MapLike[{}]'
[01:28:27] [Server thread/ERROR]: Tried to load invalid item: 'No key id in MapLike[{}]'
[01:28:27] [Server thread/ERROR]: Tried to load invalid item: 'No key id in MapLike[{}]'
[01:28:27] [Server thread/ERROR]: Tried to load invalid item: 'No key id in MapLike[{}]'
[01:28:27] [Server thread/ERROR]: Tried to load invalid item: 'No key id in MapLike[{}]'
[01:28:27] [Server thread/ERROR]: Tried to load invalid item: 'No key id in MapLike[{}]'
[01:28:31] [Server thread/ERROR]: Tried to load invalid item: 'No key id in MapLike[{}]'
[01:28:31] [Server thread/ERROR]: Tried to load invalid item: 'No key id in MapLike[{}]'
[01:28:31] [Server thread/ERROR]: Tried to load invalid item: 'No key id in MapLike[{}]'
[01:28:31] [Server thread/ERROR]: Tried to load invalid item: 'No key id in MapLike[{}]'
[01:28:31] [Server thread/ERROR]: Tried to load invalid item: 'No key id in MapLike[{}]'
[01:28:35] [Server thread/ERROR]: Tried to load invalid item: 'No key id in MapLike[{}]'
[01:28:35] [Server thread/ERROR]: Tried to load invalid item: 'No key id in MapLike[{}]'
[01:28:35] [Server thread/ERROR]: Tried to load invalid item: 'No key id in MapLike[{}]'
[01:28:35] [Server thread/ERROR]: Tried to load invalid item: 'No key id in MapLike[{}]'
[01:28:35] [Server thread/ERROR]: Tried to load invalid item: 'No key id in MapLike[{}]'
[01:28:40] [Server thread/ERROR]: Tried to load invalid item: 'No key id in MapLike[{}]'
[01:28:40] [Server thread/ERROR]: Tried to load invalid item: 'No key id in MapLike[{}]'
[01:28:40] [Server thread/ERROR]: Tried to load invalid item: 'No key id in MapLike[{}]'
[01:28:40] [Server thread/ERROR]: Tried to load invalid item: 'No key id in MapLike[{}]'
[01:28:40] [Server thread/ERROR]: Tried to load invalid item: 'No key id in MapLike[{}]'
[01:28:50] [Server thread/ERROR]: Tried to load invalid item: 'No key id in MapLike[{}]'
[01:28:50] [Server thread/ERROR]: Tried to load invalid item: 'No key id in MapLike[{}]'
[01:28:50] [Server thread/ERROR]: Tried to load invalid item: 'No key id in MapLike[{}]'
[01:28:50] [Server thread/ERROR]: Tried to load invalid item: 'No key id in MapLike[{}]'
[01:28:50] [Server thread/ERROR]: Tried to load invalid item: 'No key id in MapLike[{}]'
[01:29:04] [Server thread/ERROR]: Tried to load invalid item: 'No key id in MapLike[{}]'
[01:29:04] [Server thread/ERROR]: Tried to load invalid item: 'No key id in MapLike[{}]'
[01:29:04] [Server thread/ERROR]: Tried to load invalid item: 'No key id in MapLike[{}]'
[01:29:04] [Server thread/ERROR]: Tried to load invalid item: 'No key id in MapLike[{}]'
[01:29:04] [Server thread/ERROR]: Tried to load invalid item: 'No key id in MapLike[{}]'
[01:29:08] [Server thread/ERROR]: Tried to load invalid item: 'No key id in MapLike[{}]'
[01:29:08] [Server thread/ERROR]: Tried to load invalid item: 'No key id in MapLike[{}]'
[01:29:08] [Server thread/ERROR]: Tried to load invalid item: 'No key id in MapLike[{}]'
[01:29:08] [Server thread/ERROR]: Tried to load invalid item: 'No key id in MapLike[{}]'
[01:29:08] [Server thread/ERROR]: Tried to load invalid item: 'No key id in MapLike[{}]'
[01:29:10] [Server thread/ERROR]: Tried to load invalid item: 'No key id in MapLike[{}]'
[01:29:10] [Server thread/ERROR]: Tried to load invalid item: 'No key id in MapLike[{}]'
[01:29:10] [Server thread/ERROR]: Tried to load invalid item: 'No key id in MapLike[{}]'
[01:29:10] [Server thread/ERROR]: Tried to load invalid item: 'No key id in MapLike[{}]'
[01:29:10] [Server thread/ERROR]: Tried to load invalid item: 'No key id in MapLike[{}]'
[01:29:15] [Server thread/INFO]: Villager Villager['Isaih Tabron the Cartographer'/22557, l='ServerLevel[New World]', x=1308.30, y=101.00, z=1409.50] died, message: 'Isaih Tabron the Cartographer was slain by Kobold Warrior'
[01:29:15] [Server thread/INFO]: Named entity Villager['Isaih Tabron the Cartographer'/22557, l='ServerLevel[New World]', x=1308.30, y=101.00, z=1409.50] died: Isaih Tabron the Cartographer was slain by Kobold Warrior
[01:30:43] [Server thread/ERROR]: Tried to load invalid item: 'No key id in MapLike[{}]'
[01:30:43] [Server thread/ERROR]: Tried to load invalid item: 'No key id in MapLike[{}]'
[01:30:43] [Server thread/ERROR]: Tried to load invalid item: 'No key id in MapLike[{}]'
[01:30:43] [Server thread/ERROR]: Tried to load invalid item: 'No key id in MapLike[{}]'
[01:30:43] [Server thread/ERROR]: Tried to load invalid item: 'No key id in MapLike[{}]'
[01:30:48] [Server thread/ERROR]: Tried to load invalid item: 'No key id in MapLike[{}]'
[01:30:48] [Server thread/ERROR]: Tried to load invalid item: 'No key id in MapLike[{}]'
[01:30:48] [Server thread/ERROR]: Tried to load invalid item: 'No key id in MapLike[{}]'
[01:30:48] [Server thread/ERROR]: Tried to load invalid item: 'No key id in MapLike[{}]'
[01:30:48] [Server thread/ERROR]: Tried to load invalid item: 'No key id in MapLike[{}]'
[01:32:31] [Server thread/ERROR]: Tried to load invalid item: 'No key id in MapLike[{}]'
[01:32:33] [Server thread/ERROR]: Failed to replant minecraft:carrot from item 0 minecraft:air
[01:33:08] [Server thread/WARN]: Couldn't set damage of loot item 1 minecraft:iron_nugget
[01:33:08] [Server thread/WARN]: Couldn't set damage of loot item 1 minecraft:iron_nugget
[01:33:08] [Server thread/WARN]: Couldn't set damage of loot item 1 minecraft:iron_nugget
[01:33:08] [Server thread/WARN]: Couldn't set damage of loot item 1 minecraft:iron_nugget
[01:33:08] [Server thread/WARN]: Couldn't set damage of loot item 1 minecraft:iron_ingot
[01:33:08] [Server thread/WARN]: Couldn't set damage of loot item 1 minecraft:iron_ingot
[01:33:39] [Server thread/ERROR]: Tried to load invalid item: 'No key id in MapLike[{}]'
[01:33:44] [Server thread/INFO]: Hitam has made the advancement [Diamonds!]
[01:34:35] [Server thread/ERROR]: Tried to load invalid item: 'No key id in MapLike[{}]'
[01:34:35] [Server thread/ERROR]: Tried to load invalid item: 'No key id in MapLike[{}]'
[01:34:35] [Server thread/ERROR]: Tried to load invalid item: 'No key id in MapLike[{}]'
[01:34:35] [Server thread/ERROR]: Tried to load invalid item: 'No key id in MapLike[{}]'
[01:34:35] [Server thread/ERROR]: Tried to load invalid item: 'No key id in MapLike[{}]'
[01:34:58] [Server thread/ERROR]: Tried to load invalid item: 'No key id in MapLike[{}]'
[01:34:58] [Server thread/ERROR]: Tried to load invalid item: 'No key id in MapLike[{}]'
[01:35:07] [Server thread/ERROR]: Tried to load invalid item: 'No key id in MapLike[{}]'
[01:35:07] [Server thread/ERROR]: Tried to load invalid item: 'No key id in MapLike[{}]'
[01:35:41] [Server thread/WARN]: Couldn't set damage of loot item 1 minecraft:iron_ingot
[01:35:41] [Server thread/WARN]: Couldn't set damage of loot item 1 minecraft:iron_nugget
[01:35:41] [Server thread/WARN]: Couldn't set damage of loot item 1 minecraft:iron_nugget
[01:35:41] [Server thread/WARN]: Couldn't set damage of loot item 1 minecraft:iron_ingot
[01:35:41] [Server thread/WARN]: Couldn't set damage of loot item 1 minecraft:iron_nugget
[01:35:41] [Server thread/WARN]: Couldn't set damage of loot item 1 minecraft:iron_nugget
[01:36:30] [Server thread/ERROR]: Tried to load invalid item: 'No key id in MapLike[{}]'
[01:36:30] [Server thread/ERROR]: Tried to load invalid item: 'No key id in MapLike[{}]'
[01:36:30] [Server thread/ERROR]: Tried to load invalid item: 'No key id in MapLike[{}]'
[01:36:30] [Server thread/ERROR]: Tried to load invalid item: 'No key id in MapLike[{}]'
[01:36:30] [Server thread/ERROR]: Tried to load invalid item: 'No key id in MapLike[{}]'
[01:36:30] [Server thread/ERROR]: Tried to load invalid item: 'No key id in MapLike[{}]'
[01:36:30] [Server thread/ERROR]: Tried to load invalid item: 'No key id in MapLike[{}]'
[01:36:35] [Server thread/INFO]: Hitam lost connection: Disconnected
[01:36:35] [Server thread/INFO]: Hitam left the game
